#! /opt/homebrew/Cellar/icarus-verilog/13.0/bin/vvp
:ivl_version "13.0 (stable)" "(v13_0)";
:ivl_delay_selection "TYPICAL";
:vpi_time_precision - 12;
:vpi_module "/opt/homebrew/Cellar/icarus-verilog/13.0/lib/ivl/system.vpi";
:vpi_module "/opt/homebrew/Cellar/icarus-verilog/13.0/lib/ivl/vhdl_sys.vpi";
:vpi_module "/opt/homebrew/Cellar/icarus-verilog/13.0/lib/ivl/vhdl_textio.vpi";
:vpi_module "/opt/homebrew/Cellar/icarus-verilog/13.0/lib/ivl/v2005_math.vpi";
:vpi_module "/opt/homebrew/Cellar/icarus-verilog/13.0/lib/ivl/va_math.vpi";
:vpi_module "/opt/homebrew/Cellar/icarus-verilog/13.0/lib/ivl/v2009.vpi";
S_0x102c38080 .scope package, "$unit" "$unit" 2 1;
 .timescale 0 0;
S_0x102c31e00 .scope module, "tb_dual_port_mem_controller" "tb_dual_port_mem_controller" 3 3;
 .timescale -9 -12;
P_0x102c31f80 .param/l "ADDR_WIDTH" 1 3 6, +C4<00000000000000000000000000000100>;
P_0x102c31fc0 .param/l "BIST_IDLE" 1 3 9, C4<000>;
P_0x102c32000 .param/l "BIST_UP_R0W1" 1 3 11, C4<010>;
P_0x102c32040 .param/l "BIST_W0" 1 3 10, C4<001>;
P_0x102c32080 .param/l "DATA_WIDTH" 1 3 5, +C4<00000000000000000000000000100000>;
P_0x102c320c0 .param/l "NUM_BANKS" 1 3 7, +C4<00000000000000000000000000000100>;
o0xa68c44d60 .functor BUFZ 32, c4<zzzzzzzzzzzzzzzzzzzzzzzzzzzzzzzz>; HiZ drive
; Elide local net with no drivers, v0xa68871f40_0 name=_ivl_0
o0xa68c44d90 .functor BUFZ 32, c4<zzzzzzzzzzzzzzzzzzzzzzzzzzzzzzzz>; HiZ drive
; Elide local net with no drivers, v0xa68871fe0_0 name=_ivl_4
v0xa68872080_0 .net "bist_active", 0 0, v0xa68870280_0;  1 drivers
v0xa68872120_0 .net "bist_addr", 3 0, v0xa68870320_0;  1 drivers
v0xa688721c0_0 .net "bist_phase", 2 0, v0xa688703c0_0;  1 drivers
v0xa68872260_0 .var "bist_start", 0 0;
v0xa68872300_0 .var "clk", 0 0;
v0xa688723a0_0 .var/i "cycles_waited", 31 0;
v0xa68872440_0 .var/i "failures", 31 0;
v0xa688724e0_0 .var "port_a_addr", 3 0;
v0xa68872580_0 .net "port_a_busy", 0 0, v0xa688706e0_0;  1 drivers
RS_0xa68c44220 .resolv tri, L_0xa68873200, L_0xa68873340;
v0xa68872620_0 .net8 "port_a_data", 31 0, RS_0xa68c44220;  2 drivers
v0xa688726c0_0 .net "port_a_drive_en", 0 0, v0xa68870960_0;  1 drivers
v0xa68872760_0 .var "port_a_en", 0 0;
v0xa68872800_0 .var "port_a_host_data", 31 0;
v0xa688728a0_0 .var "port_a_host_drive_en", 0 0;
v0xa68872940_0 .var "port_a_we", 0 0;
v0xa688729e0_0 .var "port_b_addr", 3 0;
v0xa68872a80_0 .net "port_b_busy", 0 0, v0xa68870be0_0;  1 drivers
RS_0xa68c443a0 .resolv tri, L_0xa688732a0, L_0xa688733e0;
v0xa68872b20_0 .net8 "port_b_data", 31 0, RS_0xa68c443a0;  2 drivers
v0xa68872bc0_0 .net "port_b_drive_en", 0 0, v0xa68870e60_0;  1 drivers
v0xa68872c60_0 .var "port_b_en", 0 0;
v0xa68872d00_0 .var "port_b_host_data", 31 0;
v0xa68872da0_0 .var "port_b_host_drive_en", 0 0;
v0xa68872e40_0 .var "port_b_we", 0 0;
v0xa68872ee0_0 .var "rst_n", 0 0;
v0xa68872f80_0 .net "same_bank_hit", 0 0, v0xa688710e0_0;  1 drivers
v0xa68873020_0 .net "test_done", 0 0, v0xa68871180_0;  1 drivers
v0xa688730c0_0 .net "test_fail", 0 0, v0xa68871220_0;  1 drivers
v0xa68873160_0 .net "write_collision", 0 0, v0xa688712c0_0;  1 drivers
L_0xa68873200 .functor MUXZ 32, o0xa68c44d60, v0xa68872800_0, v0xa688728a0_0, C4<>;
L_0xa688732a0 .functor MUXZ 32, o0xa68c44d90, v0xa68872d00_0, v0xa68872da0_0, C4<>;
S_0x102c28a10 .scope module, "dut" "dual_port_mem_controller" 3 50, 4 1 0, S_0x102c31e00;
 .timescale 0 0;
    .port_info 0 /INPUT 1 "clk";
    .port_info 1 /INPUT 1 "rst_n";
    .port_info 2 /INPUT 1 "port_a_en";
    .port_info 3 /INPUT 1 "port_a_we";
    .port_info 4 /INPUT 4 "port_a_addr";
    .port_info 5 /INOUT 32 "port_a_data";
    .port_info 6 /OUTPUT 1 "port_a_drive_en";
    .port_info 7 /OUTPUT 1 "port_a_busy";
    .port_info 8 /INPUT 1 "port_b_en";
    .port_info 9 /INPUT 1 "port_b_we";
    .port_info 10 /INPUT 4 "port_b_addr";
    .port_info 11 /INOUT 32 "port_b_data";
    .port_info 12 /OUTPUT 1 "port_b_drive_en";
    .port_info 13 /OUTPUT 1 "port_b_busy";
    .port_info 14 /OUTPUT 1 "same_bank_hit";
    .port_info 15 /OUTPUT 1 "write_collision";
    .port_info 16 /INPUT 1 "bist_start";
    .port_info 17 /OUTPUT 1 "bist_active";
    .port_info 18 /OUTPUT 1 "test_done";
    .port_info 19 /OUTPUT 1 "test_fail";
    .port_info 20 /OUTPUT 3 "bist_phase";
    .port_info 21 /OUTPUT 4 "bist_addr";
P_0x102c3a680 .param/l "ADDR_WIDTH" 0 4 3, +C4<00000000000000000000000000000100>;
P_0x102c3a6c0 .param/l "BANK_SEL_W" 1 4 31, +C4<00000000000000000000000000000010>;
P_0x102c3a700 .param/l "BIST_DOWN_R0W1" 1 4 37, C4<100>;
P_0x102c3a740 .param/l "BIST_DOWN_R1W0" 1 4 38, C4<101>;
P_0x102c3a780 .param/l "BIST_IDLE" 1 4 33, C4<000>;
P_0x102c3a7c0 .param/l "BIST_R0" 1 4 39, C4<110>;
P_0x102c3a800 .param/l "BIST_UP_R0W1" 1 4 35, C4<010>;
P_0x102c3a840 .param/l "BIST_UP_R1W0" 1 4 36, C4<011>;
P_0x102c3a880 .param/l "BIST_W0" 1 4 34, C4<001>;
P_0x102c3a8c0 .param/l "DATA_WIDTH" 0 4 2, +C4<00000000000000000000000000100000>;
P_0x102c3a900 .param/l "DEPTH" 1 4 30, +C4<00000000000000000000000000010000>;
P_0x102c3a940 .param/l "LAST_ADDR" 1 4 41, C4<1111>;
P_0x102c3a980 .param/l "NUM_BANKS" 0 4 4, +C4<00000000000000000000000000000100>;
L_0xa68854770 .functor BUFZ 32, RS_0xa68c44220, C4<00000000000000000000000000000000>, C4<00000000000000000000000000000000>, C4<00000000000000000000000000000000>;
L_0xa688547e0 .functor BUFZ 32, RS_0xa68c443a0, C4<00000000000000000000000000000000>, C4<00000000000000000000000000000000>, C4<00000000000000000000000000000000>;
o0xa68c44070 .functor BUFZ 32, c4<zzzzzzzzzzzzzzzzzzzzzzzzzzzzzzzz>; HiZ drive
; Elide local net with no drivers, v0xa68870140_0 name=_ivl_4
o0xa68c440a0 .functor BUFZ 32, c4<zzzzzzzzzzzzzzzzzzzzzzzzzzzzzzzz>; HiZ drive
; Elide local net with no drivers, v0xa688701e0_0 name=_ivl_8
v0xa68870280_0 .var "bist_active", 0 0;
v0xa68870320_0 .var "bist_addr", 3 0;
v0xa688703c0_0 .var "bist_phase", 2 0;
v0xa68870460_0 .net "bist_start", 0 0, v0xa68872260_0;  1 drivers
v0xa68870500_0 .net "clk", 0 0, v0xa68872300_0;  1 drivers
v0xa688705a0 .array "mem_array", 15 0, 31 0;
v0xa68870640_0 .net "port_a_addr", 3 0, v0xa688724e0_0;  1 drivers
v0xa688706e0_0 .var "port_a_busy", 0 0;
v0xa68870780_0 .net8 "port_a_data", 31 0, RS_0xa68c44220;  alias, 2 drivers
v0xa68870820_0 .net "port_a_din", 31 0, L_0xa68854770;  1 drivers
v0xa688708c0_0 .var "port_a_dout", 31 0;
v0xa68870960_0 .var "port_a_drive_en", 0 0;
v0xa68870a00_0 .net "port_a_en", 0 0, v0xa68872760_0;  1 drivers
v0xa68870aa0_0 .net "port_a_we", 0 0, v0xa68872940_0;  1 drivers
v0xa68870b40_0 .net "port_b_addr", 3 0, v0xa688729e0_0;  1 drivers
v0xa68870be0_0 .var "port_b_busy", 0 0;
v0xa68870c80_0 .net8 "port_b_data", 31 0, RS_0xa68c443a0;  alias, 2 drivers
v0xa68870d20_0 .net "port_b_din", 31 0, L_0xa688547e0;  1 drivers
v0xa68870dc0_0 .var "port_b_dout", 31 0;
v0xa68870e60_0 .var "port_b_drive_en", 0 0;
v0xa68870f00_0 .net "port_b_en", 0 0, v0xa68872c60_0;  1 drivers
v0xa68870fa0_0 .net "port_b_we", 0 0, v0xa68872e40_0;  1 drivers
v0xa68871040_0 .net "rst_n", 0 0, v0xa68872ee0_0;  1 drivers
v0xa688710e0_0 .var "same_bank_hit", 0 0;
v0xa68871180_0 .var "test_done", 0 0;
v0xa68871220_0 .var "test_fail", 0 0;
v0xa688712c0_0 .var "write_collision", 0 0;
E_0xa690061c0/0 .event negedge, v0xa68871040_0;
E_0xa690061c0/1 .event posedge, v0xa68870500_0;
E_0xa690061c0 .event/or E_0xa690061c0/0, E_0xa690061c0/1;
L_0xa68873340 .functor MUXZ 32, o0xa68c44070, v0xa688708c0_0, v0xa68870960_0, C4<>;
L_0xa688733e0 .functor MUXZ 32, o0xa68c440a0, v0xa68870dc0_0, v0xa68870e60_0, C4<>;
S_0x102c3aa00 .scope function.vec4.s2, "bank_sel" "bank_sel" 4 54, 4 54 0, S_0x102c28a10;
 .timescale 0 0;
v0xa688700a0_0 .var "addr", 3 0;
; Variable bank_sel is vec4 return value of scope S_0x102c3aa00
TD_tb_dual_port_mem_controller.dut.bank_sel ;
    %load/vec4 v0xa688700a0_0;
    %parti/s 2, 0, 2;
    %ret/vec4 0, 0, 2;  Assign to bank_sel (store_vec4_to_lval)
    %end;
S_0x102c28b90 .scope task, "expect_bus_z" "expect_bus_z" 3 120, 3 120 0, S_0x102c31e00;
 .timescale -9 -12;
v0xa68871360_0 .var "actual", 31 0;
v0xa68871400_0 .var "label", 511 0;
TD_tb_dual_port_mem_controller.expect_bus_z ;
    %load/vec4 v0xa68871360_0;
    %cmpi/ne 0, 4294967295, 32;
    %jmp/0xz  T_1.0, 6;
    %load/vec4 v0xa68872440_0;
    %addi 1, 0, 32;
    %store/vec4 v0xa68872440_0, 0, 32;
    %vpi_call/w 3 126 "$display", "FAIL: %0s", v0xa68871400_0 {0 0 0};
    %vpi_call/w 3 127 "$display", "  expected Z, got %h", v0xa68871360_0 {0 0 0};
    %jmp T_1.1;
T_1.0 ;
    %vpi_call/w 3 129 "$display", "PASS: %0s", v0xa68871400_0 {0 0 0};
T_1.1 ;
    %end;
S_0x102c3e130 .scope task, "expect_false" "expect_false" 3 91, 3 91 0, S_0x102c31e00;
 .timescale -9 -12;
v0xa688714a0_0 .var "actual", 0 0;
v0xa68871540_0 .var "label", 511 0;
TD_tb_dual_port_mem_controller.expect_false ;
    %load/vec4 v0xa688714a0_0;
    %cmpi/ne 0, 0, 1;
    %jmp/0xz  T_2.2, 6;
    %load/vec4 v0xa68872440_0;
    %addi 1, 0, 32;
    %store/vec4 v0xa68872440_0, 0, 32;
    %vpi_call/w 3 97 "$display", "FAIL: %0s", v0xa68871540_0 {0 0 0};
    %vpi_call/w 3 98 "$display", "  expected 0, got %b", v0xa688714a0_0 {0 0 0};
    %jmp T_2.3;
T_2.2 ;
    %vpi_call/w 3 100 "$display", "PASS: %0s", v0xa68871540_0 {0 0 0};
T_2.3 ;
    %end;
S_0x102c3e2b0 .scope task, "expect_true" "expect_true" 3 77, 3 77 0, S_0x102c31e00;
 .timescale -9 -12;
v0xa688715e0_0 .var "actual", 0 0;
v0xa68871680_0 .var "label", 511 0;
TD_tb_dual_port_mem_controller.expect_true ;
    %load/vec4 v0xa688715e0_0;
    %cmpi/ne 1, 0, 1;
    %jmp/0xz  T_3.4, 6;
    %load/vec4 v0xa68872440_0;
    %addi 1, 0, 32;
    %store/vec4 v0xa68872440_0, 0, 32;
    %vpi_call/w 3 83 "$display", "FAIL: %0s", v0xa68871680_0 {0 0 0};
    %vpi_call/w 3 84 "$display", "  expected 1, got %b", v0xa688715e0_0 {0 0 0};
    %jmp T_3.5;
T_3.4 ;
    %vpi_call/w 3 86 "$display", "PASS: %0s", v0xa68871680_0 {0 0 0};
T_3.5 ;
    %end;
S_0x102c3e430 .scope task, "expect_word" "expect_word" 3 105, 3 105 0, S_0x102c31e00;
 .timescale -9 -12;
v0xa68871720_0 .var "actual", 31 0;
v0xa688717c0_0 .var "expected", 31 0;
v0xa68871860_0 .var "label", 511 0;
TD_tb_dual_port_mem_controller.expect_word ;
    %load/vec4 v0xa68871720_0;
    %load/vec4 v0xa688717c0_0;
    %cmp/ne;
    %jmp/0xz  T_4.6, 6;
    %load/vec4 v0xa68872440_0;
    %addi 1, 0, 32;
    %store/vec4 v0xa68872440_0, 0, 32;
    %vpi_call/w 3 112 "$display", "FAIL: %0s", v0xa68871860_0 {0 0 0};
    %vpi_call/w 3 113 "$display", "  expected %h, got %h", v0xa688717c0_0, v0xa68871720_0 {0 0 0};
    %jmp T_4.7;
T_4.6 ;
    %vpi_call/w 3 115 "$display", "PASS: %0s", v0xa68871860_0 {0 0 0};
T_4.7 ;
    %end;
S_0x102c3e5b0 .scope task, "port_a_read_and_check" "port_a_read_and_check" 3 194, 3 194 0, S_0x102c31e00;
 .timescale -9 -12;
v0xa68871900_0 .var "addr", 3 0;
v0xa688719a0_0 .var "expected", 31 0;
v0xa68871a40_0 .var "label", 511 0;
E_0xa69006240 .event posedge, v0xa68870500_0;
E_0xa69006280 .event negedge, v0xa68870500_0;
TD_tb_dual_port_mem_controller.port_a_read_and_check ;
    %wait E_0xa69006280;
    %pushi/vec4 1, 0, 1;
    %store/vec4 v0xa68872760_0, 0, 1;
    %pushi/vec4 0, 0, 1;
    %store/vec4 v0xa68872940_0, 0, 1;
    %load/vec4 v0xa68871900_0;
    %store/vec4 v0xa688724e0_0, 0, 4;
    %pushi/vec4 0, 0, 1;
    %store/vec4 v0xa688728a0_0, 0, 1;
    %wait E_0xa69006240;
    %delay 1000, 0;
    %load/vec4 v0xa688726c0_0;
    %store/vec4 v0xa688715e0_0, 0, 1;
    %pushi/vec4 0, 0, 32; draw_string_vec4
    %pushi/vec4 0, 0, 32; draw_string_vec4
    %concat/vec4; draw_string_vec4
    %pushi/vec4 0, 0, 32; draw_string_vec4
    %concat/vec4; draw_string_vec4
    %pushi/vec4 0, 0, 32; draw_string_vec4
    %concat/vec4; draw_string_vec4
    %pushi/vec4 0, 0, 32; draw_string_vec4
    %concat/vec4; draw_string_vec4
    %pushi/vec4 0, 0, 32; draw_string_vec4
    %concat/vec4; draw_string_vec4
    %pushi/vec4 0, 0, 32; draw_string_vec4
    %concat/vec4; draw_string_vec4
    %pushi/vec4 112, 0, 32; draw_string_vec4
    %concat/vec4; draw_string_vec4
    %pushi/vec4 1869771808, 0, 32; draw_string_vec4
    %concat/vec4; draw_string_vec4
    %pushi/vec4 1092641906, 0, 32; draw_string_vec4
    %concat/vec4; draw_string_vec4
    %pushi/vec4 1769366899, 0, 32; draw_string_vec4
    %concat/vec4; draw_string_vec4
    %pushi/vec4 544499813, 0, 32; draw_string_vec4
    %concat/vec4; draw_string_vec4
    %pushi/vec4 543323507, 0, 32; draw_string_vec4
    %concat/vec4; draw_string_vec4
    %pushi/vec4 543454578, 0, 32; draw_string_vec4
    %concat/vec4; draw_string_vec4
    %pushi/vec4 1768843040, 0, 32; draw_string_vec4
    %concat/vec4; draw_string_vec4
    %pushi/vec4 1919246692, 0, 32; draw_string_vec4
    %concat/vec4; draw_string_vec4
    %store/vec4 v0xa68871680_0, 0, 512;
    %fork TD_tb_dual_port_mem_controller.expect_true, S_0x102c3e2b0;
    %join;
    %load/vec4 v0xa68872620_0;
    %store/vec4 v0xa68871720_0, 0, 32;
    %load/vec4 v0xa688719a0_0;
    %store/vec4 v0xa688717c0_0, 0, 32;
    %load/vec4 v0xa68871a40_0;
    %store/vec4 v0xa68871860_0, 0, 512;
    %fork TD_tb_dual_port_mem_controller.expect_word, S_0x102c3e430;
    %join;
    %wait E_0xa69006280;
    %pushi/vec4 0, 0, 1;
    %store/vec4 v0xa68872760_0, 0, 1;
    %pushi/vec4 0, 0, 4;
    %store/vec4 v0xa688724e0_0, 0, 4;
    %wait E_0xa69006240;
    %delay 1000, 0;
    %load/vec4 v0xa68872620_0;
    %store/vec4 v0xa68871360_0, 0, 32;
    %pushi/vec4 0, 0, 32; draw_string_vec4
    %pushi/vec4 0, 0, 32; draw_string_vec4
    %concat/vec4; draw_string_vec4
    %pushi/vec4 0, 0, 32; draw_string_vec4
    %concat/vec4; draw_string_vec4
    %pushi/vec4 0, 0, 32; draw_string_vec4
    %concat/vec4; draw_string_vec4
    %pushi/vec4 0, 0, 32; draw_string_vec4
    %concat/vec4; draw_string_vec4
    %pushi/vec4 0, 0, 32; draw_string_vec4
    %concat/vec4; draw_string_vec4
    %pushi/vec4 0, 0, 32; draw_string_vec4
    %concat/vec4; draw_string_vec4
    %pushi/vec4 7368562, 0, 32; draw_string_vec4
    %concat/vec4; draw_string_vec4
    %pushi/vec4 1948270880, 0, 32; draw_string_vec4
    %concat/vec4; draw_string_vec4
    %pushi/vec4 1919251573, 0, 32; draw_string_vec4
    %concat/vec4; draw_string_vec4
    %pushi/vec4 1919841056, 0, 32; draw_string_vec4
    %concat/vec4; draw_string_vec4
    %pushi/vec4 1953439848, 0, 32; draw_string_vec4
    %concat/vec4; draw_string_vec4
    %pushi/vec4 1768384557, 0, 32; draw_string_vec4
    %concat/vec4; draw_string_vec4
    %pushi/vec4 1512071526, 0, 32; draw_string_vec4
    %concat/vec4; draw_string_vec4
    %pushi/vec4 1952805408, 0, 32; draw_string_vec4
    %concat/vec4; draw_string_vec4
    %pushi/vec4 1919246692, 0, 32; draw_string_vec4
    %concat/vec4; draw_string_vec4
    %store/vec4 v0xa68871400_0, 0, 512;
    %fork TD_tb_dual_port_mem_controller.expect_bus_z, S_0x102c28b90;
    %join;
    %end;
S_0x102c3e730 .scope task, "port_a_write" "port_a_write" 3 150, 3 150 0, S_0x102c31e00;
 .timescale -9 -12;
v0xa68871ae0_0 .var "addr", 3 0;
v0xa68871b80_0 .var "data", 31 0;
TD_tb_dual_port_mem_controller.port_a_write ;
    %wait E_0xa69006280;
    %pushi/vec4 1, 0, 1;
    %store/vec4 v0xa68872760_0, 0, 1;
    %pushi/vec4 1, 0, 1;
    %store/vec4 v0xa68872940_0, 0, 1;
    %load/vec4 v0xa68871ae0_0;
    %store/vec4 v0xa688724e0_0, 0, 4;
    %pushi/vec4 1, 0, 1;
    %store/vec4 v0xa688728a0_0, 0, 1;
    %load/vec4 v0xa68871b80_0;
    %store/vec4 v0xa68872800_0, 0, 32;
    %wait E_0xa69006240;
    %delay 1000, 0;
    %load/vec4 v0xa688726c0_0;
    %store/vec4 v0xa688714a0_0, 0, 1;
    %pushi/vec4 0, 0, 32; draw_string_vec4
    %pushi/vec4 0, 0, 32; draw_string_vec4
    %concat/vec4; draw_string_vec4
    %pushi/vec4 0, 0, 32; draw_string_vec4
    %concat/vec4; draw_string_vec4
    %pushi/vec4 0, 0, 32; draw_string_vec4
    %concat/vec4; draw_string_vec4
    %pushi/vec4 0, 0, 32; draw_string_vec4
    %concat/vec4; draw_string_vec4
    %pushi/vec4 0, 0, 32; draw_string_vec4
    %concat/vec4; draw_string_vec4
    %pushi/vec4 112, 0, 32; draw_string_vec4
    %concat/vec4; draw_string_vec4
    %pushi/vec4 1869771808, 0, 32; draw_string_vec4
    %concat/vec4; draw_string_vec4
    %pushi/vec4 1092645748, 0, 32; draw_string_vec4
    %concat/vec4; draw_string_vec4
    %pushi/vec4 1635349280, 0, 32; draw_string_vec4
    %concat/vec4; draw_string_vec4
    %pushi/vec4 1868981792, 0, 32; draw_string_vec4
    %concat/vec4; draw_string_vec4
    %pushi/vec4 1952998688, 0, 32; draw_string_vec4
    %concat/vec4; draw_string_vec4
    %pushi/vec4 1651864352, 0, 32; draw_string_vec4
    %concat/vec4; draw_string_vec4
    %pushi/vec4 1685418601, 0, 32; draw_string_vec4
    %concat/vec4; draw_string_vec4
    %pushi/vec4 1852252279, 0, 32; draw_string_vec4
    %concat/vec4; draw_string_vec4
    %pushi/vec4 1919513701, 0, 32; draw_string_vec4
    %concat/vec4; draw_string_vec4
    %store/vec4 v0xa68871540_0, 0, 512;
    %fork TD_tb_dual_port_mem_controller.expect_false, S_0x102c3e130;
    %join;
    %wait E_0xa69006280;
    %pushi/vec4 0, 0, 1;
    %store/vec4 v0xa68872760_0, 0, 1;
    %pushi/vec4 0, 0, 1;
    %store/vec4 v0xa68872940_0, 0, 1;
    %pushi/vec4 0, 0, 4;
    %store/vec4 v0xa688724e0_0, 0, 4;
    %pushi/vec4 0, 0, 1;
    %store/vec4 v0xa688728a0_0, 0, 1;
    %pushi/vec4 0, 0, 32;
    %store/vec4 v0xa68872800_0, 0, 32;
    %end;
S_0x102c3e8b0 .scope task, "port_b_read_and_check" "port_b_read_and_check" 3 217, 3 217 0, S_0x102c31e00;
 .timescale -9 -12;
v0xa68871c20_0 .var "addr", 3 0;
v0xa68871cc0_0 .var "expected", 31 0;
v0xa68871d60_0 .var "label", 511 0;
TD_tb_dual_port_mem_controller.port_b_read_and_check ;
    %wait E_0xa69006280;
    %pushi/vec4 1, 0, 1;
    %store/vec4 v0xa68872c60_0, 0, 1;
    %pushi/vec4 0, 0, 1;
    %store/vec4 v0xa68872e40_0, 0, 1;
    %load/vec4 v0xa68871c20_0;
    %store/vec4 v0xa688729e0_0, 0, 4;
    %pushi/vec4 0, 0, 1;
    %store/vec4 v0xa68872da0_0, 0, 1;
    %wait E_0xa69006240;
    %delay 1000, 0;
    %load/vec4 v0xa68872bc0_0;
    %store/vec4 v0xa688715e0_0, 0, 1;
    %pushi/vec4 0, 0, 32; draw_string_vec4
    %pushi/vec4 0, 0, 32; draw_string_vec4
    %concat/vec4; draw_string_vec4
    %pushi/vec4 0, 0, 32; draw_string_vec4
    %concat/vec4; draw_string_vec4
    %pushi/vec4 0, 0, 32; draw_string_vec4
    %concat/vec4; draw_string_vec4
    %pushi/vec4 0, 0, 32; draw_string_vec4
    %concat/vec4; draw_string_vec4
    %pushi/vec4 0, 0, 32; draw_string_vec4
    %concat/vec4; draw_string_vec4
    %pushi/vec4 0, 0, 32; draw_string_vec4
    %concat/vec4; draw_string_vec4
    %pushi/vec4 112, 0, 32; draw_string_vec4
    %concat/vec4; draw_string_vec4
    %pushi/vec4 1869771808, 0, 32; draw_string_vec4
    %concat/vec4; draw_string_vec4
    %pushi/vec4 1109419122, 0, 32; draw_string_vec4
    %concat/vec4; draw_string_vec4
    %pushi/vec4 1769366899, 0, 32; draw_string_vec4
    %concat/vec4; draw_string_vec4
    %pushi/vec4 544499813, 0, 32; draw_string_vec4
    %concat/vec4; draw_string_vec4
    %pushi/vec4 543323507, 0, 32; draw_string_vec4
    %concat/vec4; draw_string_vec4
    %pushi/vec4 543454578, 0, 32; draw_string_vec4
    %concat/vec4; draw_string_vec4
    %pushi/vec4 1768843040, 0, 32; draw_string_vec4
    %concat/vec4; draw_string_vec4
    %pushi/vec4 1919246692, 0, 32; draw_string_vec4
    %concat/vec4; draw_string_vec4
    %store/vec4 v0xa68871680_0, 0, 512;
    %fork TD_tb_dual_port_mem_controller.expect_true, S_0x102c3e2b0;
    %join;
    %load/vec4 v0xa68872b20_0;
    %store/vec4 v0xa68871720_0, 0, 32;
    %load/vec4 v0xa68871cc0_0;
    %store/vec4 v0xa688717c0_0, 0, 32;
    %load/vec4 v0xa68871d60_0;
    %store/vec4 v0xa68871860_0, 0, 512;
    %fork TD_tb_dual_port_mem_controller.expect_word, S_0x102c3e430;
    %join;
    %wait E_0xa69006280;
    %pushi/vec4 0, 0, 1;
    %store/vec4 v0xa68872c60_0, 0, 1;
    %pushi/vec4 0, 0, 4;
    %store/vec4 v0xa688729e0_0, 0, 4;
    %wait E_0xa69006240;
    %delay 1000, 0;
    %load/vec4 v0xa68872b20_0;
    %store/vec4 v0xa68871360_0, 0, 32;
    %pushi/vec4 0, 0, 32; draw_string_vec4
    %pushi/vec4 0, 0, 32; draw_string_vec4
    %concat/vec4; draw_string_vec4
    %pushi/vec4 0, 0, 32; draw_string_vec4
    %concat/vec4; draw_string_vec4
    %pushi/vec4 0, 0, 32; draw_string_vec4
    %concat/vec4; draw_string_vec4
    %pushi/vec4 0, 0, 32; draw_string_vec4
    %concat/vec4; draw_string_vec4
    %pushi/vec4 0, 0, 32; draw_string_vec4
    %concat/vec4; draw_string_vec4
    %pushi/vec4 0, 0, 32; draw_string_vec4
    %concat/vec4; draw_string_vec4
    %pushi/vec4 7368562, 0, 32; draw_string_vec4
    %concat/vec4; draw_string_vec4
    %pushi/vec4 1948271136, 0, 32; draw_string_vec4
    %concat/vec4; draw_string_vec4
    %pushi/vec4 1919251573, 0, 32; draw_string_vec4
    %concat/vec4; draw_string_vec4
    %pushi/vec4 1919841056, 0, 32; draw_string_vec4
    %concat/vec4; draw_string_vec4
    %pushi/vec4 1953439848, 0, 32; draw_string_vec4
    %concat/vec4; draw_string_vec4
    %pushi/vec4 1768384557, 0, 32; draw_string_vec4
    %concat/vec4; draw_string_vec4
    %pushi/vec4 1512071526, 0, 32; draw_string_vec4
    %concat/vec4; draw_string_vec4
    %pushi/vec4 1952805408, 0, 32; draw_string_vec4
    %concat/vec4; draw_string_vec4
    %pushi/vec4 1919246692, 0, 32; draw_string_vec4
    %concat/vec4; draw_string_vec4
    %store/vec4 v0xa68871400_0, 0, 512;
    %fork TD_tb_dual_port_mem_controller.expect_bus_z, S_0x102c28b90;
    %join;
    %end;
S_0x102c3ea30 .scope task, "port_b_write" "port_b_write" 3 172, 3 172 0, S_0x102c31e00;
 .timescale -9 -12;
v0xa68871e00_0 .var "addr", 3 0;
v0xa68871ea0_0 .var "data", 31 0;
TD_tb_dual_port_mem_controller.port_b_write ;
    %wait E_0xa69006280;
    %pushi/vec4 1, 0, 1;
    %store/vec4 v0xa68872c60_0, 0, 1;
    %pushi/vec4 1, 0, 1;
    %store/vec4 v0xa68872e40_0, 0, 1;
    %load/vec4 v0xa68871e00_0;
    %store/vec4 v0xa688729e0_0, 0, 4;
    %pushi/vec4 1, 0, 1;
    %store/vec4 v0xa68872da0_0, 0, 1;
    %load/vec4 v0xa68871ea0_0;
    %store/vec4 v0xa68872d00_0, 0, 32;
    %wait E_0xa69006240;
    %delay 1000, 0;
    %load/vec4 v0xa68872bc0_0;
    %store/vec4 v0xa688714a0_0, 0, 1;
    %pushi/vec4 0, 0, 32; draw_string_vec4
    %pushi/vec4 0, 0, 32; draw_string_vec4
    %concat/vec4; draw_string_vec4
    %pushi/vec4 0, 0, 32; draw_string_vec4
    %concat/vec4; draw_string_vec4
    %pushi/vec4 0, 0, 32; draw_string_vec4
    %concat/vec4; draw_string_vec4
    %pushi/vec4 0, 0, 32; draw_string_vec4
    %concat/vec4; draw_string_vec4
    %pushi/vec4 0, 0, 32; draw_string_vec4
    %concat/vec4; draw_string_vec4
    %pushi/vec4 112, 0, 32; draw_string_vec4
    %concat/vec4; draw_string_vec4
    %pushi/vec4 1869771808, 0, 32; draw_string_vec4
    %concat/vec4; draw_string_vec4
    %pushi/vec4 1109422964, 0, 32; draw_string_vec4
    %concat/vec4; draw_string_vec4
    %pushi/vec4 1635349280, 0, 32; draw_string_vec4
    %concat/vec4; draw_string_vec4
    %pushi/vec4 1868981792, 0, 32; draw_string_vec4
    %concat/vec4; draw_string_vec4
    %pushi/vec4 1952998688, 0, 32; draw_string_vec4
    %concat/vec4; draw_string_vec4
    %pushi/vec4 1651864352, 0, 32; draw_string_vec4
    %concat/vec4; draw_string_vec4
    %pushi/vec4 1685418601, 0, 32; draw_string_vec4
    %concat/vec4; draw_string_vec4
    %pushi/vec4 1852252279, 0, 32; draw_string_vec4
    %concat/vec4; draw_string_vec4
    %pushi/vec4 1919513701, 0, 32; draw_string_vec4
    %concat/vec4; draw_string_vec4
    %store/vec4 v0xa68871540_0, 0, 512;
    %fork TD_tb_dual_port_mem_controller.expect_false, S_0x102c3e130;
    %join;
    %wait E_0xa69006280;
    %pushi/vec4 0, 0, 1;
    %store/vec4 v0xa68872c60_0, 0, 1;
    %pushi/vec4 0, 0, 1;
    %store/vec4 v0xa68872e40_0, 0, 1;
    %pushi/vec4 0, 0, 4;
    %store/vec4 v0xa688729e0_0, 0, 4;
    %pushi/vec4 0, 0, 1;
    %store/vec4 v0xa68872da0_0, 0, 1;
    %pushi/vec4 0, 0, 32;
    %store/vec4 v0xa68872d00_0, 0, 32;
    %end;
S_0xa688bc000 .scope task, "set_all_idle" "set_all_idle" 3 134, 3 134 0, S_0x102c31e00;
 .timescale -9 -12;
TD_tb_dual_port_mem_controller.set_all_idle ;
    %pushi/vec4 0, 0, 1;
    %store/vec4 v0xa68872760_0, 0, 1;
    %pushi/vec4 0, 0, 1;
    %store/vec4 v0xa68872940_0, 0, 1;
    %pushi/vec4 0, 0, 4;
    %store/vec4 v0xa688724e0_0, 0, 4;
    %pushi/vec4 0, 0, 1;
    %store/vec4 v0xa688728a0_0, 0, 1;
    %pushi/vec4 0, 0, 32;
    %store/vec4 v0xa68872800_0, 0, 32;
    %pushi/vec4 0, 0, 1;
    %store/vec4 v0xa68872c60_0, 0, 1;
    %pushi/vec4 0, 0, 1;
    %store/vec4 v0xa68872e40_0, 0, 1;
    %pushi/vec4 0, 0, 4;
    %store/vec4 v0xa688729e0_0, 0, 4;
    %pushi/vec4 0, 0, 1;
    %store/vec4 v0xa68872da0_0, 0, 1;
    %pushi/vec4 0, 0, 32;
    %store/vec4 v0xa68872d00_0, 0, 32;
    %pushi/vec4 0, 0, 1;
    %store/vec4 v0xa68872260_0, 0, 1;
    %end;
S_0xa688bc180 .scope task, "start_bist_sequence" "start_bist_sequence" 3 240, 3 240 0, S_0x102c31e00;
 .timescale -9 -12;
TD_tb_dual_port_mem_controller.start_bist_sequence ;
    %wait E_0xa69006280;
    %pushi/vec4 1, 0, 1;
    %store/vec4 v0xa68872260_0, 0, 1;
    %wait E_0xa69006240;
    %delay 1000, 0;
    %load/vec4 v0xa68872080_0;
    %store/vec4 v0xa688715e0_0, 0, 1;
    %pushi/vec4 0, 0, 32; draw_string_vec4
    %pushi/vec4 0, 0, 32; draw_string_vec4
    %concat/vec4; draw_string_vec4
    %pushi/vec4 0, 0, 32; draw_string_vec4
    %concat/vec4; draw_string_vec4
    %pushi/vec4 0, 0, 32; draw_string_vec4
    %concat/vec4; draw_string_vec4
    %pushi/vec4 0, 0, 32; draw_string_vec4
    %concat/vec4; draw_string_vec4
    %pushi/vec4 0, 0, 32; draw_string_vec4
    %concat/vec4; draw_string_vec4
    %pushi/vec4 0, 0, 32; draw_string_vec4
    %concat/vec4; draw_string_vec4
    %pushi/vec4 0, 0, 32; draw_string_vec4
    %concat/vec4; draw_string_vec4
    %pushi/vec4 0, 0, 32; draw_string_vec4
    %concat/vec4; draw_string_vec4
    %pushi/vec4 0, 0, 32; draw_string_vec4
    %concat/vec4; draw_string_vec4
    %pushi/vec4 1112101716, 0, 32; draw_string_vec4
    %concat/vec4; draw_string_vec4
    %pushi/vec4 543518324, 0, 32; draw_string_vec4
    %concat/vec4; draw_string_vec4
    %pushi/vec4 1701999392, 0, 32; draw_string_vec4
    %concat/vec4; draw_string_vec4
    %pushi/vec4 1633907817, 0, 32; draw_string_vec4
    %concat/vec4; draw_string_vec4
    %pushi/vec4 1986338931, 0, 32; draw_string_vec4
    %concat/vec4; draw_string_vec4
    %pushi/vec4 1952543845, 0, 32; draw_string_vec4
    %concat/vec4; draw_string_vec4
    %store/vec4 v0xa68871680_0, 0, 512;
    %fork TD_tb_dual_port_mem_controller.expect_true, S_0x102c3e2b0;
    %join;
    %load/vec4 v0xa68873020_0;
    %store/vec4 v0xa688714a0_0, 0, 1;
    %pushi/vec4 0, 0, 32; draw_string_vec4
    %pushi/vec4 0, 0, 32; draw_string_vec4
    %concat/vec4; draw_string_vec4
    %pushi/vec4 0, 0, 32; draw_string_vec4
    %concat/vec4; draw_string_vec4
    %pushi/vec4 0, 0, 32; draw_string_vec4
    %concat/vec4; draw_string_vec4
    %pushi/vec4 0, 0, 32; draw_string_vec4
    %concat/vec4; draw_string_vec4
    %pushi/vec4 0, 0, 32; draw_string_vec4
    %concat/vec4; draw_string_vec4
    %pushi/vec4 0, 0, 32; draw_string_vec4
    %concat/vec4; draw_string_vec4
    %pushi/vec4 4344147, 0, 32; draw_string_vec4
    %concat/vec4; draw_string_vec4
    %pushi/vec4 1411408748, 0, 32; draw_string_vec4
    %concat/vec4; draw_string_vec4
    %pushi/vec4 1700885107, 0, 32; draw_string_vec4
    %concat/vec4; draw_string_vec4
    %pushi/vec4 544499813, 0, 32; draw_string_vec4
    %concat/vec4; draw_string_vec4
    %pushi/vec4 543453038, 0, 32; draw_string_vec4
    %concat/vec4; draw_string_vec4
    %pushi/vec4 1696622188, 0, 32; draw_string_vec4
    %concat/vec4; draw_string_vec4
    %pushi/vec4 1634148449, 0, 32; draw_string_vec4
    %concat/vec4; draw_string_vec4
    %pushi/vec4 1948281953, 0, 32; draw_string_vec4
    %concat/vec4; draw_string_vec4
    %pushi/vec4 1970168680, 0, 32; draw_string_vec4
    %concat/vec4; draw_string_vec4
    %store/vec4 v0xa68871540_0, 0, 512;
    %fork TD_tb_dual_port_mem_controller.expect_false, S_0x102c3e130;
    %join;
    %wait E_0xa69006280;
    %pushi/vec4 0, 0, 1;
    %store/vec4 v0xa68872260_0, 0, 1;
    %end;
S_0xa688bc300 .scope task, "wait_for_bist_done" "wait_for_bist_done" 3 253, 3 253 0, S_0x102c31e00;
 .timescale -9 -12;
TD_tb_dual_port_mem_controller.wait_for_bist_done ;
    %pushi/vec4 0, 0, 32;
    %store/vec4 v0xa688723a0_0, 0, 32;
T_11.8 ;
    %load/vec4 v0xa68873020_0;
    %cmpi/ne 1, 0, 1;
    %flag_get/vec4 6;
    %jmp/0 T_11.10, 6;
    %load/vec4 v0xa688723a0_0;
    %cmpi/s 128, 0, 32;
    %flag_get/vec4 5;
    %and;
T_11.10;
    %flag_set/vec4 8;
    %jmp/0xz T_11.9, 8;
    %wait E_0xa69006240;
    %delay 1000, 0;
    %load/vec4 v0xa688723a0_0;
    %addi 1, 0, 32;
    %store/vec4 v0xa688723a0_0, 0, 32;
    %load/vec4 v0xa68872080_0;
    %cmpi/e 1, 0, 1;
    %jmp/0xz  T_11.11, 6;
    %load/vec4 v0xa68872580_0;
    %cmpi/ne 1, 0, 1;
    %jmp/1 T_11.15, 6;
    %flag_mov 8, 6;
    %load/vec4 v0xa68872a80_0;
    %cmpi/ne 1, 0, 1;
    %flag_or 6, 8;
T_11.15;
    %jmp/0xz  T_11.13, 6;
    %load/vec4 v0xa68872440_0;
    %addi 1, 0, 32;
    %store/vec4 v0xa68872440_0, 0, 32;
    %vpi_call/w 3 263 "$display", "FAIL: ports must stay busy while BIST owns the array" {0 0 0};
    %vpi_call/w 3 264 "$display", "  port_a_busy=%b port_b_busy=%b", v0xa68872580_0, v0xa68872a80_0 {0 0 0};
T_11.13 ;
T_11.11 ;
    %jmp T_11.8;
T_11.9 ;
    %load/vec4 v0xa68873020_0;
    %cmpi/ne 1, 0, 1;
    %jmp/0xz  T_11.16, 6;
    %load/vec4 v0xa68872440_0;
    %addi 1, 0, 32;
    %store/vec4 v0xa68872440_0, 0, 32;
    %vpi_call/w 3 271 "$display", "FAIL: BIST timed out after %0d cycles", v0xa688723a0_0 {0 0 0};
    %jmp T_11.17;
T_11.16 ;
    %vpi_call/w 3 273 "$display", "PASS: BIST completed in %0d cycles", v0xa688723a0_0 {0 0 0};
T_11.17 ;
    %end;
    .scope S_0x102c28a10;
T_12 ;
    %end;
    .thread T_12;
    .scope S_0x102c28a10;
T_13 ;
    %wait E_0xa690061c0;
    %load/vec4 v0xa68871040_0;
    %nor/r;
    %flag_set/vec4 8;
    %jmp/0xz  T_13.0, 8;
    %pushi/vec4 0, 0, 1;
    %assign/vec4 v0xa68870960_0, 0;
    %pushi/vec4 0, 0, 1;
    %assign/vec4 v0xa68870e60_0, 0;
    %pushi/vec4 0, 0, 1;
    %assign/vec4 v0xa688706e0_0, 0;
    %pushi/vec4 0, 0, 1;
    %assign/vec4 v0xa68870be0_0, 0;
    %pushi/vec4 0, 0, 1;
    %assign/vec4 v0xa688710e0_0, 0;
    %pushi/vec4 0, 0, 1;
    %assign/vec4 v0xa688712c0_0, 0;
    %pushi/vec4 0, 0, 32;
    %assign/vec4 v0xa688708c0_0, 0;
    %pushi/vec4 0, 0, 32;
    %assign/vec4 v0xa68870dc0_0, 0;
    %pushi/vec4 0, 0, 1;
    %assign/vec4 v0xa68870280_0, 0;
    %pushi/vec4 0, 0, 1;
    %assign/vec4 v0xa68871180_0, 0;
    %pushi/vec4 0, 0, 1;
    %assign/vec4 v0xa68871220_0, 0;
    %pushi/vec4 0, 0, 3;
    %assign/vec4 v0xa688703c0_0, 0;
    %pushi/vec4 0, 0, 4;
    %assign/vec4 v0xa68870320_0, 0;
    %jmp T_13.1;
T_13.0 ;
    %pushi/vec4 0, 0, 1;
    %assign/vec4 v0xa68870960_0, 0;
    %pushi/vec4 0, 0, 1;
    %assign/vec4 v0xa68870e60_0, 0;
    %pushi/vec4 0, 0, 1;
    %assign/vec4 v0xa688706e0_0, 0;
    %pushi/vec4 0, 0, 1;
    %assign/vec4 v0xa68870be0_0, 0;
    %pushi/vec4 0, 0, 1;
    %assign/vec4 v0xa688710e0_0, 0;
    %pushi/vec4 0, 0, 1;
    %assign/vec4 v0xa688712c0_0, 0;
    %load/vec4 v0xa68870280_0;
    %flag_set/vec4 8;
    %jmp/0xz  T_13.2, 8;
    %pushi/vec4 1, 0, 1;
    %assign/vec4 v0xa688706e0_0, 0;
    %pushi/vec4 1, 0, 1;
    %assign/vec4 v0xa68870be0_0, 0;
    %load/vec4 v0xa688703c0_0;
    %dup/vec4;
    %pushi/vec4 1, 0, 3;
    %cmp/u;
    %jmp/1 T_13.4, 6;
    %dup/vec4;
    %pushi/vec4 2, 0, 3;
    %cmp/u;
    %jmp/1 T_13.5, 6;
    %dup/vec4;
    %pushi/vec4 3, 0, 3;
    %cmp/u;
    %jmp/1 T_13.6, 6;
    %dup/vec4;
    %pushi/vec4 4, 0, 3;
    %cmp/u;
    %jmp/1 T_13.7, 6;
    %dup/vec4;
    %pushi/vec4 5, 0, 3;
    %cmp/u;
    %jmp/1 T_13.8, 6;
    %dup/vec4;
    %pushi/vec4 6, 0, 3;
    %cmp/u;
    %jmp/1 T_13.9, 6;
    %pushi/vec4 0, 0, 3;
    %assign/vec4 v0xa688703c0_0, 0;
    %pushi/vec4 0, 0, 4;
    %assign/vec4 v0xa68870320_0, 0;
    %jmp T_13.11;
T_13.4 ;
    %pushi/vec4 0, 0, 32;
    %load/vec4 v0xa68870320_0;
    %pad/u 6;
    %ix/vec4 3;
    %ix/load 4, 0, 0; Constant delay
    %assign/vec4/a/d v0xa688705a0, 0, 4;
    %load/vec4 v0xa68870320_0;
    %cmpi/e 15, 0, 4;
    %jmp/0xz  T_13.12, 4;
    %pushi/vec4 2, 0, 3;
    %assign/vec4 v0xa688703c0_0, 0;
    %pushi/vec4 0, 0, 4;
    %assign/vec4 v0xa68870320_0, 0;
    %jmp T_13.13;
T_13.12 ;
    %load/vec4 v0xa68870320_0;
    %addi 1, 0, 4;
    %assign/vec4 v0xa68870320_0, 0;
T_13.13 ;
    %jmp T_13.11;
T_13.5 ;
    %load/vec4 v0xa68870320_0;
    %pad/u 6;
    %ix/vec4 4;
    %load/vec4a v0xa688705a0, 4;
    %cmpi/ne 0, 0, 32;
    %jmp/0xz  T_13.14, 6;
    %pushi/vec4 1, 0, 1;
    %assign/vec4 v0xa68871220_0, 0;
T_13.14 ;
    %pushi/vec4 4294967295, 0, 32;
    %load/vec4 v0xa68870320_0;
    %pad/u 6;
    %ix/vec4 3;
    %ix/load 4, 0, 0; Constant delay
    %assign/vec4/a/d v0xa688705a0, 0, 4;
    %load/vec4 v0xa68870320_0;
    %cmpi/e 15, 0, 4;
    %jmp/0xz  T_13.16, 4;
    %pushi/vec4 3, 0, 3;
    %assign/vec4 v0xa688703c0_0, 0;
    %pushi/vec4 0, 0, 4;
    %assign/vec4 v0xa68870320_0, 0;
    %jmp T_13.17;
T_13.16 ;
    %load/vec4 v0xa68870320_0;
    %addi 1, 0, 4;
    %assign/vec4 v0xa68870320_0, 0;
T_13.17 ;
    %jmp T_13.11;
T_13.6 ;
    %load/vec4 v0xa68870320_0;
    %pad/u 6;
    %ix/vec4 4;
    %load/vec4a v0xa688705a0, 4;
    %cmpi/ne 4294967295, 0, 32;
    %jmp/0xz  T_13.18, 6;
    %pushi/vec4 1, 0, 1;
    %assign/vec4 v0xa68871220_0, 0;
T_13.18 ;
    %pushi/vec4 0, 0, 32;
    %load/vec4 v0xa68870320_0;
    %pad/u 6;
    %ix/vec4 3;
    %ix/load 4, 0, 0; Constant delay
    %assign/vec4/a/d v0xa688705a0, 0, 4;
    %load/vec4 v0xa68870320_0;
    %cmpi/e 15, 0, 4;
    %jmp/0xz  T_13.20, 4;
    %pushi/vec4 4, 0, 3;
    %assign/vec4 v0xa688703c0_0, 0;
    %pushi/vec4 15, 0, 4;
    %assign/vec4 v0xa68870320_0, 0;
    %jmp T_13.21;
T_13.20 ;
    %load/vec4 v0xa68870320_0;
    %addi 1, 0, 4;
    %assign/vec4 v0xa68870320_0, 0;
T_13.21 ;
    %jmp T_13.11;
T_13.7 ;
    %load/vec4 v0xa68870320_0;
    %pad/u 6;
    %ix/vec4 4;
    %load/vec4a v0xa688705a0, 4;
    %cmpi/ne 0, 0, 32;
    %jmp/0xz  T_13.22, 6;
    %pushi/vec4 1, 0, 1;
    %assign/vec4 v0xa68871220_0, 0;
T_13.22 ;
    %pushi/vec4 4294967295, 0, 32;
    %load/vec4 v0xa68870320_0;
    %pad/u 6;
    %ix/vec4 3;
    %ix/load 4, 0, 0; Constant delay
    %assign/vec4/a/d v0xa688705a0, 0, 4;
    %load/vec4 v0xa68870320_0;
    %cmpi/e 0, 0, 4;
    %jmp/0xz  T_13.24, 4;
    %pushi/vec4 5, 0, 3;
    %assign/vec4 v0xa688703c0_0, 0;
    %pushi/vec4 15, 0, 4;
    %assign/vec4 v0xa68870320_0, 0;
    %jmp T_13.25;
T_13.24 ;
    %load/vec4 v0xa68870320_0;
    %subi 1, 0, 4;
    %assign/vec4 v0xa68870320_0, 0;
T_13.25 ;
    %jmp T_13.11;
T_13.8 ;
    %load/vec4 v0xa68870320_0;
    %pad/u 6;
    %ix/vec4 4;
    %load/vec4a v0xa688705a0, 4;
    %cmpi/ne 4294967295, 0, 32;
    %jmp/0xz  T_13.26, 6;
    %pushi/vec4 1, 0, 1;
    %assign/vec4 v0xa68871220_0, 0;
T_13.26 ;
    %pushi/vec4 0, 0, 32;
    %load/vec4 v0xa68870320_0;
    %pad/u 6;
    %ix/vec4 3;
    %ix/load 4, 0, 0; Constant delay
    %assign/vec4/a/d v0xa688705a0, 0, 4;
    %load/vec4 v0xa68870320_0;
    %cmpi/e 0, 0, 4;
    %jmp/0xz  T_13.28, 4;
    %pushi/vec4 6, 0, 3;
    %assign/vec4 v0xa688703c0_0, 0;
    %pushi/vec4 0, 0, 4;
    %assign/vec4 v0xa68870320_0, 0;
    %jmp T_13.29;
T_13.28 ;
    %load/vec4 v0xa68870320_0;
    %subi 1, 0, 4;
    %assign/vec4 v0xa68870320_0, 0;
T_13.29 ;
    %jmp T_13.11;
T_13.9 ;
    %load/vec4 v0xa68870320_0;
    %pad/u 6;
    %ix/vec4 4;
    %load/vec4a v0xa688705a0, 4;
    %cmpi/ne 0, 0, 32;
    %jmp/0xz  T_13.30, 6;
    %pushi/vec4 1, 0, 1;
    %assign/vec4 v0xa68871220_0, 0;
T_13.30 ;
    %load/vec4 v0xa68870320_0;
    %cmpi/e 15, 0, 4;
    %jmp/0xz  T_13.32, 4;
    %pushi/vec4 0, 0, 1;
    %assign/vec4 v0xa68870280_0, 0;
    %pushi/vec4 1, 0, 1;
    %assign/vec4 v0xa68871180_0, 0;
    %pushi/vec4 0, 0, 3;
    %assign/vec4 v0xa688703c0_0, 0;
    %pushi/vec4 0, 0, 4;
    %assign/vec4 v0xa68870320_0, 0;
    %jmp T_13.33;
T_13.32 ;
    %load/vec4 v0xa68870320_0;
    %addi 1, 0, 4;
    %assign/vec4 v0xa68870320_0, 0;
T_13.33 ;
    %jmp T_13.11;
T_13.11 ;
    %pop/vec4 1;
    %jmp T_13.3;
T_13.2 ;
    %load/vec4 v0xa68870460_0;
    %flag_set/vec4 8;
    %jmp/0xz  T_13.34, 8;
    %pushi/vec4 1, 0, 1;
    %assign/vec4 v0xa68870280_0, 0;
    %pushi/vec4 0, 0, 1;
    %assign/vec4 v0xa68871180_0, 0;
    %pushi/vec4 0, 0, 1;
    %assign/vec4 v0xa68871220_0, 0;
    %pushi/vec4 1, 0, 3;
    %assign/vec4 v0xa688703c0_0, 0;
    %pushi/vec4 0, 0, 4;
    %assign/vec4 v0xa68870320_0, 0;
    %jmp T_13.35;
T_13.34 ;
    %load/vec4 v0xa68870a00_0;
    %flag_set/vec4 10;
    %flag_get/vec4 10;
    %jmp/0 T_13.39, 10;
    %load/vec4 v0xa68870f00_0;
    %and;
T_13.39;
    %flag_set/vec4 9;
    %flag_get/vec4 9;
    %jmp/0 T_13.38, 9;
    %load/vec4 v0xa68870640_0;
    %store/vec4 v0xa688700a0_0, 0, 4;
    %callf/vec4 TD_tb_dual_port_mem_controller.dut.bank_sel, S_0x102c3aa00;
    %load/vec4 v0xa68870b40_0;
    %store/vec4 v0xa688700a0_0, 0, 4;
    %callf/vec4 TD_tb_dual_port_mem_controller.dut.bank_sel, S_0x102c3aa00;
    %cmp/e;
    %flag_get/vec4 4;
    %and;
T_13.38;
    %flag_set/vec4 8;
    %jmp/0xz  T_13.36, 8;
    %pushi/vec4 1, 0, 1;
    %assign/vec4 v0xa688710e0_0, 0;
T_13.36 ;
    %load/vec4 v0xa68870a00_0;
    %flag_set/vec4 12;
    %flag_get/vec4 12;
    %jmp/0 T_13.45, 12;
    %load/vec4 v0xa68870f00_0;
    %and;
T_13.45;
    %flag_set/vec4 11;
    %flag_get/vec4 11;
    %jmp/0 T_13.44, 11;
    %load/vec4 v0xa68870aa0_0;
    %and;
T_13.44;
    %flag_set/vec4 10;
    %flag_get/vec4 10;
    %jmp/0 T_13.43, 10;
    %load/vec4 v0xa68870fa0_0;
    %and;
T_13.43;
    %flag_set/vec4 9;
    %flag_get/vec4 9;
    %jmp/0 T_13.42, 9;
    %load/vec4 v0xa68870640_0;
    %load/vec4 v0xa68870b40_0;
    %cmp/e;
    %flag_get/vec4 4;
    %and;
T_13.42;
    %flag_set/vec4 8;
    %jmp/0xz  T_13.40, 8;
    %load/vec4 v0xa68870820_0;
    %load/vec4 v0xa68870640_0;
    %pad/u 6;
    %ix/vec4 3;
    %ix/load 4, 0, 0; Constant delay
    %assign/vec4/a/d v0xa688705a0, 0, 4;
    %pushi/vec4 1, 0, 1;
    %assign/vec4 v0xa68870be0_0, 0;
    %pushi/vec4 1, 0, 1;
    %assign/vec4 v0xa688712c0_0, 0;
    %jmp T_13.41;
T_13.40 ;
    %load/vec4 v0xa68870a00_0;
    %flag_set/vec4 9;
    %flag_get/vec4 9;
    %jmp/0 T_13.48, 9;
    %load/vec4 v0xa68870aa0_0;
    %and;
T_13.48;
    %flag_set/vec4 8;
    %jmp/0xz  T_13.46, 8;
    %load/vec4 v0xa68870820_0;
    %load/vec4 v0xa68870640_0;
    %pad/u 6;
    %ix/vec4 3;
    %ix/load 4, 0, 0; Constant delay
    %assign/vec4/a/d v0xa688705a0, 0, 4;
T_13.46 ;
    %load/vec4 v0xa68870f00_0;
    %flag_set/vec4 9;
    %flag_get/vec4 9;
    %jmp/0 T_13.51, 9;
    %load/vec4 v0xa68870fa0_0;
    %and;
T_13.51;
    %flag_set/vec4 8;
    %jmp/0xz  T_13.49, 8;
    %load/vec4 v0xa68870d20_0;
    %load/vec4 v0xa68870b40_0;
    %pad/u 6;
    %ix/vec4 3;
    %ix/load 4, 0, 0; Constant delay
    %assign/vec4/a/d v0xa688705a0, 0, 4;
T_13.49 ;
T_13.41 ;
    %load/vec4 v0xa68870a00_0;
    %flag_set/vec4 9;
    %flag_get/vec4 9;
    %jmp/0 T_13.54, 9;
    %load/vec4 v0xa68870aa0_0;
    %nor/r;
    %and;
T_13.54;
    %flag_set/vec4 8;
    %jmp/0xz  T_13.52, 8;
    %pushi/vec4 1, 0, 1;
    %assign/vec4 v0xa68870960_0, 0;
    %load/vec4 v0xa68870f00_0;
    %flag_set/vec4 10;
    %flag_get/vec4 10;
    %jmp/0 T_13.58, 10;
    %load/vec4 v0xa68870fa0_0;
    %and;
T_13.58;
    %flag_set/vec4 9;
    %flag_get/vec4 9;
    %jmp/0 T_13.57, 9;
    %load/vec4 v0xa68870b40_0;
    %load/vec4 v0xa68870640_0;
    %cmp/e;
    %flag_get/vec4 4;
    %and;
T_13.57;
    %flag_set/vec4 8;
    %jmp/0xz  T_13.55, 8;
    %load/vec4 v0xa68870d20_0;
    %assign/vec4 v0xa688708c0_0, 0;
    %jmp T_13.56;
T_13.55 ;
    %load/vec4 v0xa68870640_0;
    %pad/u 6;
    %ix/vec4 4;
    %load/vec4a v0xa688705a0, 4;
    %assign/vec4 v0xa688708c0_0, 0;
T_13.56 ;
T_13.52 ;
    %load/vec4 v0xa68870f00_0;
    %flag_set/vec4 9;
    %flag_get/vec4 9;
    %jmp/0 T_13.61, 9;
    %load/vec4 v0xa68870fa0_0;
    %nor/r;
    %and;
T_13.61;
    %flag_set/vec4 8;
    %jmp/0xz  T_13.59, 8;
    %pushi/vec4 1, 0, 1;
    %assign/vec4 v0xa68870e60_0, 0;
    %load/vec4 v0xa68870a00_0;
    %flag_set/vec4 10;
    %flag_get/vec4 10;
    %jmp/0 T_13.65, 10;
    %load/vec4 v0xa68870aa0_0;
    %and;
T_13.65;
    %flag_set/vec4 9;
    %flag_get/vec4 9;
    %jmp/0 T_13.64, 9;
    %load/vec4 v0xa68870640_0;
    %load/vec4 v0xa68870b40_0;
    %cmp/e;
    %flag_get/vec4 4;
    %and;
T_13.64;
    %flag_set/vec4 8;
    %jmp/0xz  T_13.62, 8;
    %load/vec4 v0xa68870820_0;
    %assign/vec4 v0xa68870dc0_0, 0;
    %jmp T_13.63;
T_13.62 ;
    %load/vec4 v0xa68870b40_0;
    %pad/u 6;
    %ix/vec4 4;
    %load/vec4a v0xa688705a0, 4;
    %assign/vec4 v0xa68870dc0_0, 0;
T_13.63 ;
T_13.59 ;
T_13.35 ;
T_13.3 ;
T_13.1 ;
    %jmp T_13;
    .thread T_13;
    .scope S_0x102c31e00;
T_14 ;
    %delay 5000, 0;
    %load/vec4 v0xa68872300_0;
    %inv;
    %store/vec4 v0xa68872300_0, 0, 1;
    %jmp T_14;
    .thread T_14;
    .scope S_0x102c31e00;
T_15 ;
    %pushi/vec4 0, 0, 1;
    %store/vec4 v0xa68872300_0, 0, 1;
    %pushi/vec4 0, 0, 1;
    %store/vec4 v0xa68872ee0_0, 0, 1;
    %pushi/vec4 0, 0, 32;
    %store/vec4 v0xa68872440_0, 0, 32;
    %fork TD_tb_dual_port_mem_controller.set_all_idle, S_0xa688bc000;
    %join;
    %pushi/vec4 3, 0, 32;
T_15.0 %dup/vec4;
    %cmpi/s 0, 0, 32;
    %jmp/1xz T_15.1, 5;
    %jmp/1 T_15.1, 4;
    %subi 1, 0, 32;
    %wait E_0xa69006240;
    %jmp T_15.0;
T_15.1 ;
    %pop/vec4 1;
    %pushi/vec4 1, 0, 1;
    %store/vec4 v0xa68872ee0_0, 0, 1;
    %wait E_0xa69006240;
    %delay 1000, 0;
    %load/vec4 v0xa68872620_0;
    %store/vec4 v0xa68871360_0, 0, 32;
    %pushi/vec4 0, 0, 32; draw_string_vec4
    %pushi/vec4 0, 0, 32; draw_string_vec4
    %concat/vec4; draw_string_vec4
    %pushi/vec4 0, 0, 32; draw_string_vec4
    %concat/vec4; draw_string_vec4
    %pushi/vec4 0, 0, 32; draw_string_vec4
    %concat/vec4; draw_string_vec4
    %pushi/vec4 0, 0, 32; draw_string_vec4
    %concat/vec4; draw_string_vec4
    %pushi/vec4 0, 0, 32; draw_string_vec4
    %concat/vec4; draw_string_vec4
    %pushi/vec4 0, 0, 32; draw_string_vec4
    %concat/vec4; draw_string_vec4
    %pushi/vec4 0, 0, 32; draw_string_vec4
    %concat/vec4; draw_string_vec4
    %pushi/vec4 0, 0, 32; draw_string_vec4
    %concat/vec4; draw_string_vec4
    %pushi/vec4 1886351988, 0, 32; draw_string_vec4
    %concat/vec4; draw_string_vec4
    %pushi/vec4 541139042, 0, 32; draw_string_vec4
    %concat/vec4; draw_string_vec4
    %pushi/vec4 1970479209, 0, 32; draw_string_vec4
    %concat/vec4; draw_string_vec4
    %pushi/vec4 1931503721, 0, 32; draw_string_vec4
    %concat/vec4; draw_string_vec4
    %pushi/vec4 1734880602, 0, 32; draw_string_vec4
    %concat/vec4; draw_string_vec4
    %pushi/vec4 543780384, 0, 32; draw_string_vec4
    %concat/vec4; draw_string_vec4
    %pushi/vec4 1768189029, 0, 32; draw_string_vec4
    %concat/vec4; draw_string_vec4
    %store/vec4 v0xa68871400_0, 0, 512;
    %fork TD_tb_dual_port_mem_controller.expect_bus_z, S_0x102c28b90;
    %join;
    %load/vec4 v0xa68872b20_0;
    %store/vec4 v0xa68871360_0, 0, 32;
    %pushi/vec4 0, 0, 32; draw_string_vec4
    %pushi/vec4 0, 0, 32; draw_string_vec4
    %concat/vec4; draw_string_vec4
    %pushi/vec4 0, 0, 32; draw_string_vec4
    %concat/vec4; draw_string_vec4
    %pushi/vec4 0, 0, 32; draw_string_vec4
    %concat/vec4; draw_string_vec4
    %pushi/vec4 0, 0, 32; draw_string_vec4
    %concat/vec4; draw_string_vec4
    %pushi/vec4 0, 0, 32; draw_string_vec4
    %concat/vec4; draw_string_vec4
    %pushi/vec4 0, 0, 32; draw_string_vec4
    %concat/vec4; draw_string_vec4
    %pushi/vec4 0, 0, 32; draw_string_vec4
    %concat/vec4; draw_string_vec4
    %pushi/vec4 0, 0, 32; draw_string_vec4
    %concat/vec4; draw_string_vec4
    %pushi/vec4 1886351988, 0, 32; draw_string_vec4
    %concat/vec4; draw_string_vec4
    %pushi/vec4 541204578, 0, 32; draw_string_vec4
    %concat/vec4; draw_string_vec4
    %pushi/vec4 1970479209, 0, 32; draw_string_vec4
    %concat/vec4; draw_string_vec4
    %pushi/vec4 1931503721, 0, 32; draw_string_vec4
    %concat/vec4; draw_string_vec4
    %pushi/vec4 1734880602, 0, 32; draw_string_vec4
    %concat/vec4; draw_string_vec4
    %pushi/vec4 543780384, 0, 32; draw_string_vec4
    %concat/vec4; draw_string_vec4
    %pushi/vec4 1768189029, 0, 32; draw_string_vec4
    %concat/vec4; draw_string_vec4
    %store/vec4 v0xa68871400_0, 0, 512;
    %fork TD_tb_dual_port_mem_controller.expect_bus_z, S_0x102c28b90;
    %join;
    %pushi/vec4 1, 0, 4;
    %store/vec4 v0xa68871ae0_0, 0, 4;
    %pushi/vec4 286370474, 0, 32;
    %store/vec4 v0xa68871b80_0, 0, 32;
    %fork TD_tb_dual_port_mem_controller.port_a_write, S_0x102c3e730;
    %join;
    %pushi/vec4 1, 0, 4;
    %store/vec4 v0xa68871900_0, 0, 4;
    %pushi/vec4 286370474, 0, 32;
    %store/vec4 v0xa688719a0_0, 0, 32;
    %pushi/vec4 0, 0, 32; draw_string_vec4
    %pushi/vec4 0, 0, 32; draw_string_vec4
    %concat/vec4; draw_string_vec4
    %pushi/vec4 0, 0, 32; draw_string_vec4
    %concat/vec4; draw_string_vec4
    %pushi/vec4 0, 0, 32; draw_string_vec4
    %concat/vec4; draw_string_vec4
    %pushi/vec4 0, 0, 32; draw_string_vec4
    %concat/vec4; draw_string_vec4
    %pushi/vec4 0, 0, 32; draw_string_vec4
    %concat/vec4; draw_string_vec4
    %pushi/vec4 0, 0, 32; draw_string_vec4
    %concat/vec4; draw_string_vec4
    %pushi/vec4 0, 0, 32; draw_string_vec4
    %concat/vec4; draw_string_vec4
    %pushi/vec4 0, 0, 32; draw_string_vec4
    %concat/vec4; draw_string_vec4
    %pushi/vec4 7368562, 0, 32; draw_string_vec4
    %concat/vec4; draw_string_vec4
    %pushi/vec4 1948270880, 0, 32; draw_string_vec4
    %concat/vec4; draw_string_vec4
    %pushi/vec4 1650553705, 0, 32; draw_string_vec4
    %concat/vec4; draw_string_vec4
    %pushi/vec4 1663072114, 0, 32; draw_string_vec4
    %concat/vec4; draw_string_vec4
    %pushi/vec4 1769235759, 0, 32; draw_string_vec4
    %concat/vec4; draw_string_vec4
    %pushi/vec4 1919246692, 0, 32; draw_string_vec4
    %concat/vec4; draw_string_vec4
    %pushi/vec4 1650549611, 0, 32; draw_string_vec4
    %concat/vec4; draw_string_vec4
    %store/vec4 v0xa68871a40_0, 0, 512;
    %fork TD_tb_dual_port_mem_controller.port_a_read_and_check, S_0x102c3e5b0;
    %join;
    %wait E_0xa69006280;
    %pushi/vec4 1, 0, 1;
    %store/vec4 v0xa68872760_0, 0, 1;
    %pushi/vec4 1, 0, 1;
    %store/vec4 v0xa68872940_0, 0, 1;
    %pushi/vec4 0, 0, 4;
    %store/vec4 v0xa688724e0_0, 0, 4;
    %pushi/vec4 1, 0, 1;
    %store/vec4 v0xa688728a0_0, 0, 1;
    %pushi/vec4 2863267841, 0, 32;
    %store/vec4 v0xa68872800_0, 0, 32;
    %pushi/vec4 1, 0, 1;
    %store/vec4 v0xa68872c60_0, 0, 1;
    %pushi/vec4 1, 0, 1;
    %store/vec4 v0xa68872e40_0, 0, 1;
    %pushi/vec4 1, 0, 4;
    %store/vec4 v0xa688729e0_0, 0, 4;
    %pushi/vec4 1, 0, 1;
    %store/vec4 v0xa68872da0_0, 0, 1;
    %pushi/vec4 3149594626, 0, 32;
    %store/vec4 v0xa68872d00_0, 0, 32;
    %wait E_0xa69006240;
    %delay 1000, 0;
    %load/vec4 v0xa68873160_0;
    %store/vec4 v0xa688714a0_0, 0, 1;
    %pushi/vec4 0, 0, 32; draw_string_vec4
    %pushi/vec4 0, 0, 32; draw_string_vec4
    %concat/vec4; draw_string_vec4
    %pushi/vec4 0, 0, 32; draw_string_vec4
    %concat/vec4; draw_string_vec4
    %pushi/vec4 0, 0, 32; draw_string_vec4
    %concat/vec4; draw_string_vec4
    %pushi/vec4 0, 0, 32; draw_string_vec4
    %concat/vec4; draw_string_vec4
    %pushi/vec4 0, 0, 32; draw_string_vec4
    %concat/vec4; draw_string_vec4
    %pushi/vec4 0, 0, 32; draw_string_vec4
    %concat/vec4; draw_string_vec4
    %pushi/vec4 1684629094, 0, 32; draw_string_vec4
    %concat/vec4; draw_string_vec4
    %pushi/vec4 1701995886, 0, 32; draw_string_vec4
    %concat/vec4; draw_string_vec4
    %pushi/vec4 1949131361, 0, 32; draw_string_vec4
    %concat/vec4; draw_string_vec4
    %pushi/vec4 1852514423, 0, 32; draw_string_vec4
    %concat/vec4; draw_string_vec4
    %pushi/vec4 1919513701, 0, 32; draw_string_vec4
    %concat/vec4; draw_string_vec4
    %pushi/vec4 1931502703, 0, 32; draw_string_vec4
    %concat/vec4; draw_string_vec4
    %pushi/vec4 544108404, 0, 32; draw_string_vec4
    %concat/vec4; draw_string_vec4
    %pushi/vec4 543387500, 0, 32; draw_string_vec4
    %concat/vec4; draw_string_vec4
    %pushi/vec4 1818846309, 0, 32; draw_string_vec4
    %concat/vec4; draw_string_vec4
    %store/vec4 v0xa68871540_0, 0, 512;
    %fork TD_tb_dual_port_mem_controller.expect_false, S_0x102c3e130;
    %join;
    %load/vec4 v0xa68872f80_0;
    %store/vec4 v0xa688714a0_0, 0, 1;
    %pushi/vec4 0, 0, 32; draw_string_vec4
    %pushi/vec4 0, 0, 32; draw_string_vec4
    %concat/vec4; draw_string_vec4
    %pushi/vec4 0, 0, 32; draw_string_vec4
    %concat/vec4; draw_string_vec4
    %pushi/vec4 0, 0, 32; draw_string_vec4
    %concat/vec4; draw_string_vec4
    %pushi/vec4 0, 0, 32; draw_string_vec4
    %concat/vec4; draw_string_vec4
    %pushi/vec4 25705, 0, 32; draw_string_vec4
    %concat/vec4; draw_string_vec4
    %pushi/vec4 1717986674, 0, 32; draw_string_vec4
    %concat/vec4; draw_string_vec4
    %pushi/vec4 1701737517, 0, 32; draw_string_vec4
    %concat/vec4; draw_string_vec4
    %pushi/vec4 1650552427, 0, 32; draw_string_vec4
    %concat/vec4; draw_string_vec4
    %pushi/vec4 544698985, 0, 32; draw_string_vec4
    %concat/vec4; draw_string_vec4
    %pushi/vec4 1952805664, 0, 32; draw_string_vec4
    %concat/vec4; draw_string_vec4
    %pushi/vec4 1685004398, 0, 32; draw_string_vec4
    %concat/vec4; draw_string_vec4
    %pushi/vec4 1869881455, 0, 32; draw_string_vec4
    %concat/vec4; draw_string_vec4
    %pushi/vec4 1986359916, 0, 32; draw_string_vec4
    %concat/vec4; draw_string_vec4
    %pushi/vec4 1634738274, 0, 32; draw_string_vec4
    %concat/vec4; draw_string_vec4
    %pushi/vec4 1634626419, 0, 32; draw_string_vec4
    %concat/vec4; draw_string_vec4
    %store/vec4 v0xa68871540_0, 0, 512;
    %fork TD_tb_dual_port_mem_controller.expect_false, S_0x102c3e130;
    %join;
    %wait E_0xa69006280;
    %fork TD_tb_dual_port_mem_controller.set_all_idle, S_0xa688bc000;
    %join;
    %pushi/vec4 0, 0, 4;
    %store/vec4 v0xa68871900_0, 0, 4;
    %pushi/vec4 2863267841, 0, 32;
    %store/vec4 v0xa688719a0_0, 0, 32;
    %pushi/vec4 0, 0, 32; draw_string_vec4
    %pushi/vec4 0, 0, 32; draw_string_vec4
    %concat/vec4; draw_string_vec4
    %pushi/vec4 0, 0, 32; draw_string_vec4
    %concat/vec4; draw_string_vec4
    %pushi/vec4 0, 0, 32; draw_string_vec4
    %concat/vec4; draw_string_vec4
    %pushi/vec4 0, 0, 32; draw_string_vec4
    %concat/vec4; draw_string_vec4
    %pushi/vec4 0, 0, 32; draw_string_vec4
    %concat/vec4; draw_string_vec4
    %pushi/vec4 0, 0, 32; draw_string_vec4
    %concat/vec4; draw_string_vec4
    %pushi/vec4 112, 0, 32; draw_string_vec4
    %concat/vec4; draw_string_vec4
    %pushi/vec4 1869771808, 0, 32; draw_string_vec4
    %concat/vec4; draw_string_vec4
    %pushi/vec4 1092645477, 0, 32; draw_string_vec4
    %concat/vec4; draw_string_vec4
    %pushi/vec4 1633973024, 0, 32; draw_string_vec4
    %concat/vec4; draw_string_vec4
    %pushi/vec4 1684629094, 0, 32; draw_string_vec4
    %concat/vec4; draw_string_vec4
    %pushi/vec4 1701995886, 0, 32; draw_string_vec4
    %concat/vec4; draw_string_vec4
    %pushi/vec4 1949131361, 0, 32; draw_string_vec4
    %concat/vec4; draw_string_vec4
    %pushi/vec4 1852514423, 0, 32; draw_string_vec4
    %concat/vec4; draw_string_vec4
    %pushi/vec4 1919513701, 0, 32; draw_string_vec4
    %concat/vec4; draw_string_vec4
    %store/vec4 v0xa68871a40_0, 0, 512;
    %fork TD_tb_dual_port_mem_controller.port_a_read_and_check, S_0x102c3e5b0;
    %join;
    %pushi/vec4 1, 0, 4;
    %store/vec4 v0xa68871c20_0, 0, 4;
    %pushi/vec4 3149594626, 0, 32;
    %store/vec4 v0xa68871cc0_0, 0, 32;
    %pushi/vec4 0, 0, 32; draw_string_vec4
    %pushi/vec4 0, 0, 32; draw_string_vec4
    %concat/vec4; draw_string_vec4
    %pushi/vec4 0, 0, 32; draw_string_vec4
    %concat/vec4; draw_string_vec4
    %pushi/vec4 0, 0, 32; draw_string_vec4
    %concat/vec4; draw_string_vec4
    %pushi/vec4 0, 0, 32; draw_string_vec4
    %concat/vec4; draw_string_vec4
    %pushi/vec4 0, 0, 32; draw_string_vec4
    %concat/vec4; draw_string_vec4
    %pushi/vec4 0, 0, 32; draw_string_vec4
    %concat/vec4; draw_string_vec4
    %pushi/vec4 112, 0, 32; draw_string_vec4
    %concat/vec4; draw_string_vec4
    %pushi/vec4 1869771808, 0, 32; draw_string_vec4
    %concat/vec4; draw_string_vec4
    %pushi/vec4 1109422693, 0, 32; draw_string_vec4
    %concat/vec4; draw_string_vec4
    %pushi/vec4 1633973024, 0, 32; draw_string_vec4
    %concat/vec4; draw_string_vec4
    %pushi/vec4 1684629094, 0, 32; draw_string_vec4
    %concat/vec4; draw_string_vec4
    %pushi/vec4 1701995886, 0, 32; draw_string_vec4
    %concat/vec4; draw_string_vec4
    %pushi/vec4 1949131361, 0, 32; draw_string_vec4
    %concat/vec4; draw_string_vec4
    %pushi/vec4 1852514423, 0, 32; draw_string_vec4
    %concat/vec4; draw_string_vec4
    %pushi/vec4 1919513701, 0, 32; draw_string_vec4
    %concat/vec4; draw_string_vec4
    %store/vec4 v0xa68871d60_0, 0, 512;
    %fork TD_tb_dual_port_mem_controller.port_b_read_and_check, S_0x102c3e8b0;
    %join;
    %wait E_0xa69006280;
    %pushi/vec4 1, 0, 1;
    %store/vec4 v0xa68872760_0, 0, 1;
    %pushi/vec4 1, 0, 1;
    %store/vec4 v0xa68872940_0, 0, 1;
    %pushi/vec4 0, 0, 4;
    %store/vec4 v0xa688724e0_0, 0, 4;
    %pushi/vec4 1, 0, 1;
    %store/vec4 v0xa688728a0_0, 0, 1;
    %pushi/vec4 305397760, 0, 32;
    %store/vec4 v0xa68872800_0, 0, 32;
    %pushi/vec4 1, 0, 1;
    %store/vec4 v0xa68872c60_0, 0, 1;
    %pushi/vec4 1, 0, 1;
    %store/vec4 v0xa68872e40_0, 0, 1;
    %pushi/vec4 4, 0, 4;
    %store/vec4 v0xa688729e0_0, 0, 4;
    %pushi/vec4 1, 0, 1;
    %store/vec4 v0xa68872da0_0, 0, 1;
    %pushi/vec4 1450704900, 0, 32;
    %store/vec4 v0xa68872d00_0, 0, 32;
    %wait E_0xa69006240;
    %delay 1000, 0;
    %load/vec4 v0xa68872f80_0;
    %store/vec4 v0xa688715e0_0, 0, 1;
    %pushi/vec4 0, 0, 32; draw_string_vec4
    %pushi/vec4 0, 0, 32; draw_string_vec4
    %concat/vec4; draw_string_vec4
    %pushi/vec4 0, 0, 32; draw_string_vec4
    %concat/vec4; draw_string_vec4
    %pushi/vec4 0, 0, 32; draw_string_vec4
    %concat/vec4; draw_string_vec4
    %pushi/vec4 0, 0, 32; draw_string_vec4
    %concat/vec4; draw_string_vec4
    %pushi/vec4 0, 0, 32; draw_string_vec4
    %concat/vec4; draw_string_vec4
    %pushi/vec4 0, 0, 32; draw_string_vec4
    %concat/vec4; draw_string_vec4
    %pushi/vec4 0, 0, 32; draw_string_vec4
    %concat/vec4; draw_string_vec4
    %pushi/vec4 7561581, 0, 32; draw_string_vec4
    %concat/vec4; draw_string_vec4
    %pushi/vec4 1697473121, 0, 32; draw_string_vec4
    %concat/vec4; draw_string_vec4
    %pushi/vec4 1852514401, 0, 32; draw_string_vec4
    %concat/vec4; draw_string_vec4
    %pushi/vec4 1667458419, 0, 32; draw_string_vec4
    %concat/vec4; draw_string_vec4
    %pushi/vec4 1936028448, 0, 32; draw_string_vec4
    %concat/vec4; draw_string_vec4
    %pushi/vec4 1634886944, 0, 32; draw_string_vec4
    %concat/vec4; draw_string_vec4
    %pushi/vec4 1684370533, 0, 32; draw_string_vec4
    %concat/vec4; draw_string_vec4
    %pushi/vec4 1668572516, 0, 32; draw_string_vec4
    %concat/vec4; draw_string_vec4
    %store/vec4 v0xa68871680_0, 0, 512;
    %fork TD_tb_dual_port_mem_controller.expect_true, S_0x102c3e2b0;
    %join;
    %load/vec4 v0xa68873160_0;
    %store/vec4 v0xa688714a0_0, 0, 1;
    %pushi/vec4 0, 0, 32; draw_string_vec4
    %pushi/vec4 0, 0, 32; draw_string_vec4
    %concat/vec4; draw_string_vec4
    %pushi/vec4 0, 0, 32; draw_string_vec4
    %concat/vec4; draw_string_vec4
    %pushi/vec4 0, 0, 32; draw_string_vec4
    %concat/vec4; draw_string_vec4
    %pushi/vec4 115, 0, 32; draw_string_vec4
    %concat/vec4; draw_string_vec4
    %pushi/vec4 1634559277, 0, 32; draw_string_vec4
    %concat/vec4; draw_string_vec4
    %pushi/vec4 1650552427, 0, 32; draw_string_vec4
    %concat/vec4; draw_string_vec4
    %pushi/vec4 543451494, 0, 32; draw_string_vec4
    %concat/vec4; draw_string_vec4
    %pushi/vec4 1717924453, 0, 32; draw_string_vec4
    %concat/vec4; draw_string_vec4
    %pushi/vec4 1853107553, 0, 32; draw_string_vec4
    %concat/vec4; draw_string_vec4
    %pushi/vec4 1684304485, 0, 32; draw_string_vec4
    %concat/vec4; draw_string_vec4
    %pushi/vec4 1936924791, 0, 32; draw_string_vec4
    %concat/vec4; draw_string_vec4
    %pushi/vec4 1919513701, 0, 32; draw_string_vec4
    %concat/vec4; draw_string_vec4
    %pushi/vec4 1931506548, 0, 32; draw_string_vec4
    %concat/vec4; draw_string_vec4
    %pushi/vec4 1635328108, 0, 32; draw_string_vec4
    %concat/vec4; draw_string_vec4
    %pushi/vec4 1701273964, 0, 32; draw_string_vec4
    %concat/vec4; draw_string_vec4
    %store/vec4 v0xa68871540_0, 0, 512;
    %fork TD_tb_dual_port_mem_controller.expect_false, S_0x102c3e130;
    %join;
    %load/vec4 v0xa68872a80_0;
    %store/vec4 v0xa688714a0_0, 0, 1;
    %pushi/vec4 0, 0, 32; draw_string_vec4
    %pushi/vec4 7368562, 0, 32; draw_string_vec4
    %concat/vec4; draw_string_vec4
    %pushi/vec4 1948271136, 0, 32; draw_string_vec4
    %concat/vec4; draw_string_vec4
    %pushi/vec4 1769152622, 0, 32; draw_string_vec4
    %concat/vec4; draw_string_vec4
    %pushi/vec4 1869881459, 0, 32; draw_string_vec4
    %concat/vec4; draw_string_vec4
    %pushi/vec4 1952541804, 0, 32; draw_string_vec4
    %concat/vec4; draw_string_vec4
    %pushi/vec4 1701060710, 0, 32; draw_string_vec4
    %concat/vec4; draw_string_vec4
    %pushi/vec4 1869750387, 0, 32; draw_string_vec4
    %concat/vec4; draw_string_vec4
    %pushi/vec4 1634559277, 0, 32; draw_string_vec4
    %concat/vec4; draw_string_vec4
    %pushi/vec4 1650552427, 0, 32; draw_string_vec4
    %concat/vec4; draw_string_vec4
    %pushi/vec4 543451494, 0, 32; draw_string_vec4
    %concat/vec4; draw_string_vec4
    %pushi/vec4 1717924453, 0, 32; draw_string_vec4
    %concat/vec4; draw_string_vec4
    %pushi/vec4 1853107553, 0, 32; draw_string_vec4
    %concat/vec4; draw_string_vec4
    %pushi/vec4 1684304485, 0, 32; draw_string_vec4
    %concat/vec4; draw_string_vec4
    %pushi/vec4 1936924791, 0, 32; draw_string_vec4
    %concat/vec4; draw_string_vec4
    %pushi/vec4 1919513701, 0, 32; draw_string_vec4
    %concat/vec4; draw_string_vec4
    %store/vec4 v0xa68871540_0, 0, 512;
    %fork TD_tb_dual_port_mem_controller.expect_false, S_0x102c3e130;
    %join;
    %wait E_0xa69006280;
    %fork TD_tb_dual_port_mem_controller.set_all_idle, S_0xa688bc000;
    %join;
    %pushi/vec4 0, 0, 4;
    %store/vec4 v0xa68871900_0, 0, 4;
    %pushi/vec4 305397760, 0, 32;
    %store/vec4 v0xa688719a0_0, 0, 32;
    %pushi/vec4 0, 0, 32; draw_string_vec4
    %pushi/vec4 0, 0, 32; draw_string_vec4
    %concat/vec4; draw_string_vec4
    %pushi/vec4 0, 0, 32; draw_string_vec4
    %concat/vec4; draw_string_vec4
    %pushi/vec4 0, 0, 32; draw_string_vec4
    %concat/vec4; draw_string_vec4
    %pushi/vec4 28783, 0, 32; draw_string_vec4
    %concat/vec4; draw_string_vec4
    %pushi/vec4 1920213057, 0, 32; draw_string_vec4
    %concat/vec4; draw_string_vec4
    %pushi/vec4 544367969, 0, 32; draw_string_vec4
    %concat/vec4; draw_string_vec4
    %pushi/vec4 1685266547, 0, 32; draw_string_vec4
    %concat/vec4; draw_string_vec4
    %pushi/vec4 1634559277, 0, 32; draw_string_vec4
    %concat/vec4; draw_string_vec4
    %pushi/vec4 1650552427, 0, 32; draw_string_vec4
    %concat/vec4; draw_string_vec4
    %pushi/vec4 543451494, 0, 32; draw_string_vec4
    %concat/vec4; draw_string_vec4
    %pushi/vec4 1717924453, 0, 32; draw_string_vec4
    %concat/vec4; draw_string_vec4
    %pushi/vec4 1853107553, 0, 32; draw_string_vec4
    %concat/vec4; draw_string_vec4
    %pushi/vec4 1684304485, 0, 32; draw_string_vec4
    %concat/vec4; draw_string_vec4
    %pushi/vec4 1936924791, 0, 32; draw_string_vec4
    %concat/vec4; draw_string_vec4
    %pushi/vec4 1919513701, 0, 32; draw_string_vec4
    %concat/vec4; draw_string_vec4
    %store/vec4 v0xa68871a40_0, 0, 512;
    %fork TD_tb_dual_port_mem_controller.port_a_read_and_check, S_0x102c3e5b0;
    %join;
    %pushi/vec4 4, 0, 4;
    %store/vec4 v0xa68871c20_0, 0, 4;
    %pushi/vec4 1450704900, 0, 32;
    %store/vec4 v0xa68871cc0_0, 0, 32;
    %pushi/vec4 0, 0, 32; draw_string_vec4
    %pushi/vec4 0, 0, 32; draw_string_vec4
    %concat/vec4; draw_string_vec4
    %pushi/vec4 0, 0, 32; draw_string_vec4
    %concat/vec4; draw_string_vec4
    %pushi/vec4 0, 0, 32; draw_string_vec4
    %concat/vec4; draw_string_vec4
    %pushi/vec4 28783, 0, 32; draw_string_vec4
    %concat/vec4; draw_string_vec4
    %pushi/vec4 1920213058, 0, 32; draw_string_vec4
    %concat/vec4; draw_string_vec4
    %pushi/vec4 544367969, 0, 32; draw_string_vec4
    %concat/vec4; draw_string_vec4
    %pushi/vec4 1685266547, 0, 32; draw_string_vec4
    %concat/vec4; draw_string_vec4
    %pushi/vec4 1634559277, 0, 32; draw_string_vec4
    %concat/vec4; draw_string_vec4
    %pushi/vec4 1650552427, 0, 32; draw_string_vec4
    %concat/vec4; draw_string_vec4
    %pushi/vec4 543451494, 0, 32; draw_string_vec4
    %concat/vec4; draw_string_vec4
    %pushi/vec4 1717924453, 0, 32; draw_string_vec4
    %concat/vec4; draw_string_vec4
    %pushi/vec4 1853107553, 0, 32; draw_string_vec4
    %concat/vec4; draw_string_vec4
    %pushi/vec4 1684304485, 0, 32; draw_string_vec4
    %concat/vec4; draw_string_vec4
    %pushi/vec4 1936924791, 0, 32; draw_string_vec4
    %concat/vec4; draw_string_vec4
    %pushi/vec4 1919513701, 0, 32; draw_string_vec4
    %concat/vec4; draw_string_vec4
    %store/vec4 v0xa68871d60_0, 0, 512;
    %fork TD_tb_dual_port_mem_controller.port_b_read_and_check, S_0x102c3e8b0;
    %join;
    %wait E_0xa69006280;
    %pushi/vec4 1, 0, 1;
    %store/vec4 v0xa68872760_0, 0, 1;
    %pushi/vec4 1, 0, 1;
    %store/vec4 v0xa68872940_0, 0, 1;
    %pushi/vec4 6, 0, 4;
    %store/vec4 v0xa688724e0_0, 0, 4;
    %pushi/vec4 1, 0, 1;
    %store/vec4 v0xa688728a0_0, 0, 1;
    %pushi/vec4 2863329520, 0, 32;
    %store/vec4 v0xa68872800_0, 0, 32;
    %pushi/vec4 1, 0, 1;
    %store/vec4 v0xa68872c60_0, 0, 1;
    %pushi/vec4 1, 0, 1;
    %store/vec4 v0xa68872e40_0, 0, 1;
    %pushi/vec4 6, 0, 4;
    %store/vec4 v0xa688729e0_0, 0, 4;
    %pushi/vec4 1, 0, 1;
    %store/vec4 v0xa68872da0_0, 0, 1;
    %pushi/vec4 3149598479, 0, 32;
    %store/vec4 v0xa68872d00_0, 0, 32;
    %wait E_0xa69006240;
    %delay 1000, 0;
    %load/vec4 v0xa68873160_0;
    %store/vec4 v0xa688715e0_0, 0, 1;
    %pushi/vec4 0, 0, 32; draw_string_vec4
    %pushi/vec4 0, 0, 32; draw_string_vec4
    %concat/vec4; draw_string_vec4
    %pushi/vec4 0, 0, 32; draw_string_vec4
    %concat/vec4; draw_string_vec4
    %pushi/vec4 0, 0, 32; draw_string_vec4
    %concat/vec4; draw_string_vec4
    %pushi/vec4 115, 0, 32; draw_string_vec4
    %concat/vec4; draw_string_vec4
    %pushi/vec4 1634559277, 0, 32; draw_string_vec4
    %concat/vec4; draw_string_vec4
    %pushi/vec4 1633969266, 0, 32; draw_string_vec4
    %concat/vec4; draw_string_vec4
    %pushi/vec4 1702064928, 0, 32; draw_string_vec4
    %concat/vec4; draw_string_vec4
    %pushi/vec4 1685414252, 0, 32; draw_string_vec4
    %concat/vec4; draw_string_vec4
    %pushi/vec4 544698985, 0, 32; draw_string_vec4
    %concat/vec4; draw_string_vec4
    %pushi/vec4 1952784498, 0, 32; draw_string_vec4
    %concat/vec4; draw_string_vec4
    %pushi/vec4 1634300773, 0, 32; draw_string_vec4
    %concat/vec4; draw_string_vec4
    %pushi/vec4 1931502447, 0, 32; draw_string_vec4
    %concat/vec4; draw_string_vec4
    %pushi/vec4 1819044211, 0, 32; draw_string_vec4
    %concat/vec4; draw_string_vec4
    %pushi/vec4 1768910368, 0, 32; draw_string_vec4
    %concat/vec4; draw_string_vec4
    %pushi/vec4 1718378855, 0, 32; draw_string_vec4
    %concat/vec4; draw_string_vec4
    %store/vec4 v0xa68871680_0, 0, 512;
    %fork TD_tb_dual_port_mem_controller.expect_true, S_0x102c3e2b0;
    %join;
    %load/vec4 v0xa68872a80_0;
    %store/vec4 v0xa688715e0_0, 0, 1;
    %pushi/vec4 0, 0, 32; draw_string_vec4
    %pushi/vec4 0, 0, 32; draw_string_vec4
    %concat/vec4; draw_string_vec4
    %pushi/vec4 0, 0, 32; draw_string_vec4
    %concat/vec4; draw_string_vec4
    %pushi/vec4 7368562, 0, 32; draw_string_vec4
    %concat/vec4; draw_string_vec4
    %pushi/vec4 1948271136, 0, 32; draw_string_vec4
    %concat/vec4; draw_string_vec4
    %pushi/vec4 1769152627, 0, 32; draw_string_vec4
    %concat/vec4; draw_string_vec4
    %pushi/vec4 1952541804, 0, 32; draw_string_vec4
    %concat/vec4; draw_string_vec4
    %pushi/vec4 1701060706, 0, 32; draw_string_vec4
    %concat/vec4; draw_string_vec4
    %pushi/vec4 2032168047, 0, 32; draw_string_vec4
    %concat/vec4; draw_string_vec4
    %pushi/vec4 2003137069, 0, 32; draw_string_vec4
    %concat/vec4; draw_string_vec4
    %pushi/vec4 1886546287, 0, 32; draw_string_vec4
    %concat/vec4; draw_string_vec4
    %pushi/vec4 1919513721, 0, 32; draw_string_vec4
    %concat/vec4; draw_string_vec4
    %pushi/vec4 544698985, 0, 32; draw_string_vec4
    %concat/vec4; draw_string_vec4
    %pushi/vec4 1952784483, 0, 32; draw_string_vec4
    %concat/vec4; draw_string_vec4
    %pushi/vec4 1869376617, 0, 32; draw_string_vec4
    %concat/vec4; draw_string_vec4
    %pushi/vec4 1936289646, 0, 32; draw_string_vec4
    %concat/vec4; draw_string_vec4
    %store/vec4 v0xa68871680_0, 0, 512;
    %fork TD_tb_dual_port_mem_controller.expect_true, S_0x102c3e2b0;
    %join;
    %load/vec4 v0xa68872f80_0;
    %store/vec4 v0xa688715e0_0, 0, 1;
    %pushi/vec4 0, 0, 32; draw_string_vec4
    %pushi/vec4 0, 0, 32; draw_string_vec4
    %concat/vec4; draw_string_vec4
    %pushi/vec4 0, 0, 32; draw_string_vec4
    %concat/vec4; draw_string_vec4
    %pushi/vec4 0, 0, 32; draw_string_vec4
    %concat/vec4; draw_string_vec4
    %pushi/vec4 7561581, 0, 32; draw_string_vec4
    %concat/vec4; draw_string_vec4
    %pushi/vec4 1697472868, 0, 32; draw_string_vec4
    %concat/vec4; draw_string_vec4
    %pushi/vec4 1685218675, 0, 32; draw_string_vec4
    %concat/vec4; draw_string_vec4
    %pushi/vec4 1931502709, 0, 32; draw_string_vec4
    %concat/vec4; draw_string_vec4
    %pushi/vec4 1634476151, 0, 32; draw_string_vec4
    %concat/vec4; draw_string_vec4
    %pushi/vec4 1919513701, 0, 32; draw_string_vec4
    %concat/vec4; draw_string_vec4
    %pushi/vec4 543781664, 0, 32; draw_string_vec4
    %concat/vec4; draw_string_vec4
    %pushi/vec4 1634497391, 0, 32; draw_string_vec4
    %concat/vec4; draw_string_vec4
    %pushi/vec4 543236211, 0, 32; draw_string_vec4
    %concat/vec4; draw_string_vec4
    %pushi/vec4 1634559277, 0, 32; draw_string_vec4
    %concat/vec4; draw_string_vec4
    %pushi/vec4 1650552427, 0, 32; draw_string_vec4
    %concat/vec4; draw_string_vec4
    %pushi/vec4 543713652, 0, 32; draw_string_vec4
    %concat/vec4; draw_string_vec4
    %store/vec4 v0xa68871680_0, 0, 512;
    %fork TD_tb_dual_port_mem_controller.expect_true, S_0x102c3e2b0;
    %join;
    %wait E_0xa69006280;
    %fork TD_tb_dual_port_mem_controller.set_all_idle, S_0xa688bc000;
    %join;
    %pushi/vec4 6, 0, 4;
    %store/vec4 v0xa68871900_0, 0, 4;
    %pushi/vec4 2863329520, 0, 32;
    %store/vec4 v0xa688719a0_0, 0, 32;
    %pushi/vec4 0, 0, 32; draw_string_vec4
    %pushi/vec4 0, 0, 32; draw_string_vec4
    %concat/vec4; draw_string_vec4
    %pushi/vec4 0, 0, 32; draw_string_vec4
    %concat/vec4; draw_string_vec4
    %pushi/vec4 0, 0, 32; draw_string_vec4
    %concat/vec4; draw_string_vec4
    %pushi/vec4 0, 0, 32; draw_string_vec4
    %concat/vec4; draw_string_vec4
    %pushi/vec4 0, 0, 32; draw_string_vec4
    %concat/vec4; draw_string_vec4
    %pushi/vec4 1886351988, 0, 32; draw_string_vec4
    %concat/vec4; draw_string_vec4
    %pushi/vec4 541139063, 0, 32; draw_string_vec4
    %concat/vec4; draw_string_vec4
    %pushi/vec4 1919513701, 0, 32; draw_string_vec4
    %concat/vec4; draw_string_vec4
    %pushi/vec4 544696686, 0, 32; draw_string_vec4
    %concat/vec4; draw_string_vec4
    %pushi/vec4 1931506529, 0, 32; draw_string_vec4
    %concat/vec4; draw_string_vec4
    %pushi/vec4 1835347297, 0, 32; draw_string_vec4
    %concat/vec4; draw_string_vec4
    %pushi/vec4 1684304485, 0, 32; draw_string_vec4
    %concat/vec4; draw_string_vec4
    %pushi/vec4 1936924771, 0, 32; draw_string_vec4
    %concat/vec4; draw_string_vec4
    %pushi/vec4 1869376617, 0, 32; draw_string_vec4
    %concat/vec4; draw_string_vec4
    %pushi/vec4 1936289646, 0, 32; draw_string_vec4
    %concat/vec4; draw_string_vec4
    %store/vec4 v0xa68871a40_0, 0, 512;
    %fork TD_tb_dual_port_mem_controller.port_a_read_and_check, S_0x102c3e5b0;
    %join;
    %wait E_0xa69006280;
    %pushi/vec4 1, 0, 1;
    %store/vec4 v0xa68872760_0, 0, 1;
    %pushi/vec4 1, 0, 1;
    %store/vec4 v0xa68872940_0, 0, 1;
    %pushi/vec4 3, 0, 4;
    %store/vec4 v0xa688724e0_0, 0, 4;
    %pushi/vec4 1, 0, 1;
    %store/vec4 v0xa688728a0_0, 0, 1;
    %pushi/vec4 3735928559, 0, 32;
    %store/vec4 v0xa68872800_0, 0, 32;
    %pushi/vec4 1, 0, 1;
    %store/vec4 v0xa68872c60_0, 0, 1;
    %pushi/vec4 0, 0, 1;
    %store/vec4 v0xa68872e40_0, 0, 1;
    %pushi/vec4 3, 0, 4;
    %store/vec4 v0xa688729e0_0, 0, 4;
    %pushi/vec4 0, 0, 1;
    %store/vec4 v0xa68872da0_0, 0, 1;
    %wait E_0xa69006240;
    %delay 1000, 0;
    %load/vec4 v0xa68872bc0_0;
    %store/vec4 v0xa688715e0_0, 0, 1;
    %pushi/vec4 0, 0, 32; draw_string_vec4
    %pushi/vec4 0, 0, 32; draw_string_vec4
    %concat/vec4; draw_string_vec4
    %pushi/vec4 0, 0, 32; draw_string_vec4
    %concat/vec4; draw_string_vec4
    %pushi/vec4 0, 0, 32; draw_string_vec4
    %concat/vec4; draw_string_vec4
    %pushi/vec4 0, 0, 32; draw_string_vec4
    %concat/vec4; draw_string_vec4
    %pushi/vec4 0, 0, 32; draw_string_vec4
    %concat/vec4; draw_string_vec4
    %pushi/vec4 0, 0, 32; draw_string_vec4
    %concat/vec4; draw_string_vec4
    %pushi/vec4 7368562, 0, 32; draw_string_vec4
    %concat/vec4; draw_string_vec4
    %pushi/vec4 1948271136, 0, 32; draw_string_vec4
    %concat/vec4; draw_string_vec4
    %pushi/vec4 1667329568, 0, 32; draw_string_vec4
    %concat/vec4; draw_string_vec4
    %pushi/vec4 1919246692, 0, 32; draw_string_vec4
    %concat/vec4; draw_string_vec4
    %pushi/vec4 544696425, 0, 32; draw_string_vec4
    %concat/vec4; draw_string_vec4
    %pushi/vec4 1818566768, 0, 32; draw_string_vec4
    %concat/vec4; draw_string_vec4
    %pushi/vec4 1869771808, 0, 32; draw_string_vec4
    %concat/vec4; draw_string_vec4
    %pushi/vec4 1092646770, 0, 32; draw_string_vec4
    %concat/vec4; draw_string_vec4
    %pushi/vec4 1769235827, 0, 32; draw_string_vec4
    %concat/vec4; draw_string_vec4
    %store/vec4 v0xa68871680_0, 0, 512;
    %fork TD_tb_dual_port_mem_controller.expect_true, S_0x102c3e2b0;
    %join;
    %load/vec4 v0xa68872b20_0;
    %store/vec4 v0xa68871720_0, 0, 32;
    %pushi/vec4 3735928559, 0, 32;
    %store/vec4 v0xa688717c0_0, 0, 32;
    %pushi/vec4 0, 0, 32; draw_string_vec4
    %pushi/vec4 0, 0, 32; draw_string_vec4
    %concat/vec4; draw_string_vec4
    %pushi/vec4 0, 0, 32; draw_string_vec4
    %concat/vec4; draw_string_vec4
    %pushi/vec4 0, 0, 32; draw_string_vec4
    %concat/vec4; draw_string_vec4
    %pushi/vec4 0, 0, 32; draw_string_vec4
    %concat/vec4; draw_string_vec4
    %pushi/vec4 1886351988, 0, 32; draw_string_vec4
    %concat/vec4; draw_string_vec4
    %pushi/vec4 541204595, 0, 32; draw_string_vec4
    %concat/vec4; draw_string_vec4
    %pushi/vec4 1701147424, 0, 32; draw_string_vec4
    %concat/vec4; draw_string_vec4
    %pushi/vec4 1718579831, 0, 32; draw_string_vec4
    %concat/vec4; draw_string_vec4
    %pushi/vec4 1634886757, 0, 32; draw_string_vec4
    %concat/vec4; draw_string_vec4
    %pushi/vec4 1679844449, 0, 32; draw_string_vec4
    %concat/vec4; draw_string_vec4
    %pushi/vec4 1952522342, 0, 32; draw_string_vec4
    %concat/vec4; draw_string_vec4
    %pushi/vec4 1919905056, 0, 32; draw_string_vec4
    %concat/vec4; draw_string_vec4
    %pushi/vec4 1886351988, 0, 32; draw_string_vec4
    %concat/vec4; draw_string_vec4
    %pushi/vec4 541139063, 0, 32; draw_string_vec4
    %concat/vec4; draw_string_vec4
    %pushi/vec4 1919513701, 0, 32; draw_string_vec4
    %concat/vec4; draw_string_vec4
    %store/vec4 v0xa68871860_0, 0, 512;
    %fork TD_tb_dual_port_mem_controller.expect_word, S_0x102c3e430;
    %join;
    %load/vec4 v0xa68873160_0;
    %store/vec4 v0xa688714a0_0, 0, 1;
    %pushi/vec4 0, 0, 32; draw_string_vec4
    %pushi/vec4 0, 0, 32; draw_string_vec4
    %concat/vec4; draw_string_vec4
    %pushi/vec4 0, 0, 32; draw_string_vec4
    %concat/vec4; draw_string_vec4
    %pushi/vec4 0, 0, 32; draw_string_vec4
    %concat/vec4; draw_string_vec4
    %pushi/vec4 30578, 0, 32; draw_string_vec4
    %concat/vec4; draw_string_vec4
    %pushi/vec4 1769235757, 0, 32; draw_string_vec4
    %concat/vec4; draw_string_vec4
    %pushi/vec4 1886156147, 0, 32; draw_string_vec4
    %concat/vec4; draw_string_vec4
    %pushi/vec4 762471777, 0, 32; draw_string_vec4
    %concat/vec4; draw_string_vec4
    %pushi/vec4 1679844463, 0, 32; draw_string_vec4
    %concat/vec4; draw_string_vec4
    %pushi/vec4 1702043758, 0, 32; draw_string_vec4
    %concat/vec4; draw_string_vec4
    %pushi/vec4 1869881458, 0, 32; draw_string_vec4
    %concat/vec4; draw_string_vec4
    %pushi/vec4 1634300773, 0, 32; draw_string_vec4
    %concat/vec4; draw_string_vec4
    %pushi/vec4 544698985, 0, 32; draw_string_vec4
    %concat/vec4; draw_string_vec4
    %pushi/vec4 1952784483, 0, 32; draw_string_vec4
    %concat/vec4; draw_string_vec4
    %pushi/vec4 1869376617, 0, 32; draw_string_vec4
    %concat/vec4; draw_string_vec4
    %pushi/vec4 1936289646, 0, 32; draw_string_vec4
    %concat/vec4; draw_string_vec4
    %store/vec4 v0xa68871540_0, 0, 512;
    %fork TD_tb_dual_port_mem_controller.expect_false, S_0x102c3e130;
    %join;
    %wait E_0xa69006280;
    %fork TD_tb_dual_port_mem_controller.set_all_idle, S_0xa688bc000;
    %join;
    %wait E_0xa69006240;
    %delay 1000, 0;
    %load/vec4 v0xa68872b20_0;
    %store/vec4 v0xa68871360_0, 0, 32;
    %pushi/vec4 0, 0, 32; draw_string_vec4
    %pushi/vec4 0, 0, 32; draw_string_vec4
    %concat/vec4; draw_string_vec4
    %pushi/vec4 0, 0, 32; draw_string_vec4
    %concat/vec4; draw_string_vec4
    %pushi/vec4 0, 0, 32; draw_string_vec4
    %concat/vec4; draw_string_vec4
    %pushi/vec4 0, 0, 32; draw_string_vec4
    %concat/vec4; draw_string_vec4
    %pushi/vec4 0, 0, 32; draw_string_vec4
    %concat/vec4; draw_string_vec4
    %pushi/vec4 1886351988, 0, 32; draw_string_vec4
    %concat/vec4; draw_string_vec4
    %pushi/vec4 541204578, 0, 32; draw_string_vec4
    %concat/vec4; draw_string_vec4
    %pushi/vec4 1970479218, 0, 32; draw_string_vec4
    %concat/vec4; draw_string_vec4
    %pushi/vec4 1701602657, 0, 32; draw_string_vec4
    %concat/vec4; draw_string_vec4
    %pushi/vec4 1936028448, 0, 32; draw_string_vec4
    %concat/vec4; draw_string_vec4
    %pushi/vec4 1634104421, 0, 32; draw_string_vec4
    %concat/vec4; draw_string_vec4
    %pushi/vec4 1914725999, 0, 32; draw_string_vec4
    %concat/vec4; draw_string_vec4
    %pushi/vec4 1920426354, 0, 32; draw_string_vec4
    %concat/vec4; draw_string_vec4
    %pushi/vec4 1684366368, 0, 32; draw_string_vec4
    %concat/vec4; draw_string_vec4
    %pushi/vec4 1919246692, 0, 32; draw_string_vec4
    %concat/vec4; draw_string_vec4
    %store/vec4 v0xa68871400_0, 0, 512;
    %fork TD_tb_dual_port_mem_controller.expect_bus_z, S_0x102c28b90;
    %join;
    %wait E_0xa69006280;
    %pushi/vec4 1, 0, 1;
    %store/vec4 v0xa68872760_0, 0, 1;
    %pushi/vec4 0, 0, 1;
    %store/vec4 v0xa68872940_0, 0, 1;
    %pushi/vec4 9, 0, 4;
    %store/vec4 v0xa688724e0_0, 0, 4;
    %pushi/vec4 0, 0, 1;
    %store/vec4 v0xa688728a0_0, 0, 1;
    %pushi/vec4 1, 0, 1;
    %store/vec4 v0xa68872c60_0, 0, 1;
    %pushi/vec4 1, 0, 1;
    %store/vec4 v0xa68872e40_0, 0, 1;
    %pushi/vec4 9, 0, 4;
    %store/vec4 v0xa688729e0_0, 0, 4;
    %pushi/vec4 1, 0, 1;
    %store/vec4 v0xa68872da0_0, 0, 1;
    %pushi/vec4 3405709037, 0, 32;
    %store/vec4 v0xa68872d00_0, 0, 32;
    %wait E_0xa69006240;
    %delay 1000, 0;
    %load/vec4 v0xa688726c0_0;
    %store/vec4 v0xa688715e0_0, 0, 1;
    %pushi/vec4 0, 0, 32; draw_string_vec4
    %pushi/vec4 0, 0, 32; draw_string_vec4
    %concat/vec4; draw_string_vec4
    %pushi/vec4 0, 0, 32; draw_string_vec4
    %concat/vec4; draw_string_vec4
    %pushi/vec4 0, 0, 32; draw_string_vec4
    %concat/vec4; draw_string_vec4
    %pushi/vec4 0, 0, 32; draw_string_vec4
    %concat/vec4; draw_string_vec4
    %pushi/vec4 0, 0, 32; draw_string_vec4
    %concat/vec4; draw_string_vec4
    %pushi/vec4 0, 0, 32; draw_string_vec4
    %concat/vec4; draw_string_vec4
    %pushi/vec4 7368562, 0, 32; draw_string_vec4
    %concat/vec4; draw_string_vec4
    %pushi/vec4 1948270880, 0, 32; draw_string_vec4
    %concat/vec4; draw_string_vec4
    %pushi/vec4 1667329568, 0, 32; draw_string_vec4
    %concat/vec4; draw_string_vec4
    %pushi/vec4 1919246692, 0, 32; draw_string_vec4
    %concat/vec4; draw_string_vec4
    %pushi/vec4 544696425, 0, 32; draw_string_vec4
    %concat/vec4; draw_string_vec4
    %pushi/vec4 1818566768, 0, 32; draw_string_vec4
    %concat/vec4; draw_string_vec4
    %pushi/vec4 1869771808, 0, 32; draw_string_vec4
    %concat/vec4; draw_string_vec4
    %pushi/vec4 1109423986, 0, 32; draw_string_vec4
    %concat/vec4; draw_string_vec4
    %pushi/vec4 1769235827, 0, 32; draw_string_vec4
    %concat/vec4; draw_string_vec4
    %store/vec4 v0xa68871680_0, 0, 512;
    %fork TD_tb_dual_port_mem_controller.expect_true, S_0x102c3e2b0;
    %join;
    %load/vec4 v0xa68872620_0;
    %store/vec4 v0xa68871720_0, 0, 32;
    %pushi/vec4 3405709037, 0, 32;
    %store/vec4 v0xa688717c0_0, 0, 32;
    %pushi/vec4 0, 0, 32; draw_string_vec4
    %pushi/vec4 0, 0, 32; draw_string_vec4
    %concat/vec4; draw_string_vec4
    %pushi/vec4 0, 0, 32; draw_string_vec4
    %concat/vec4; draw_string_vec4
    %pushi/vec4 0, 0, 32; draw_string_vec4
    %concat/vec4; draw_string_vec4
    %pushi/vec4 0, 0, 32; draw_string_vec4
    %concat/vec4; draw_string_vec4
    %pushi/vec4 1886351988, 0, 32; draw_string_vec4
    %concat/vec4; draw_string_vec4
    %pushi/vec4 541139059, 0, 32; draw_string_vec4
    %concat/vec4; draw_string_vec4
    %pushi/vec4 1701147424, 0, 32; draw_string_vec4
    %concat/vec4; draw_string_vec4
    %pushi/vec4 1718579831, 0, 32; draw_string_vec4
    %concat/vec4; draw_string_vec4
    %pushi/vec4 1634886757, 0, 32; draw_string_vec4
    %concat/vec4; draw_string_vec4
    %pushi/vec4 1679844449, 0, 32; draw_string_vec4
    %concat/vec4; draw_string_vec4
    %pushi/vec4 1952522342, 0, 32; draw_string_vec4
    %concat/vec4; draw_string_vec4
    %pushi/vec4 1919905056, 0, 32; draw_string_vec4
    %concat/vec4; draw_string_vec4
    %pushi/vec4 1886351988, 0, 32; draw_string_vec4
    %concat/vec4; draw_string_vec4
    %pushi/vec4 541204599, 0, 32; draw_string_vec4
    %concat/vec4; draw_string_vec4
    %pushi/vec4 1919513701, 0, 32; draw_string_vec4
    %concat/vec4; draw_string_vec4
    %store/vec4 v0xa68871860_0, 0, 512;
    %fork TD_tb_dual_port_mem_controller.expect_word, S_0x102c3e430;
    %join;
    %wait E_0xa69006280;
    %fork TD_tb_dual_port_mem_controller.set_all_idle, S_0xa688bc000;
    %join;
    %wait E_0xa69006240;
    %delay 1000, 0;
    %load/vec4 v0xa68872620_0;
    %store/vec4 v0xa68871360_0, 0, 32;
    %pushi/vec4 0, 0, 32; draw_string_vec4
    %pushi/vec4 0, 0, 32; draw_string_vec4
    %concat/vec4; draw_string_vec4
    %pushi/vec4 0, 0, 32; draw_string_vec4
    %concat/vec4; draw_string_vec4
    %pushi/vec4 0, 0, 32; draw_string_vec4
    %concat/vec4; draw_string_vec4
    %pushi/vec4 0, 0, 32; draw_string_vec4
    %concat/vec4; draw_string_vec4
    %pushi/vec4 0, 0, 32; draw_string_vec4
    %concat/vec4; draw_string_vec4
    %pushi/vec4 1886351988, 0, 32; draw_string_vec4
    %concat/vec4; draw_string_vec4
    %pushi/vec4 541139042, 0, 32; draw_string_vec4
    %concat/vec4; draw_string_vec4
    %pushi/vec4 1970479218, 0, 32; draw_string_vec4
    %concat/vec4; draw_string_vec4
    %pushi/vec4 1701602657, 0, 32; draw_string_vec4
    %concat/vec4; draw_string_vec4
    %pushi/vec4 1936028448, 0, 32; draw_string_vec4
    %concat/vec4; draw_string_vec4
    %pushi/vec4 1634104421, 0, 32; draw_string_vec4
    %concat/vec4; draw_string_vec4
    %pushi/vec4 1914725999, 0, 32; draw_string_vec4
    %concat/vec4; draw_string_vec4
    %pushi/vec4 1920426354, 0, 32; draw_string_vec4
    %concat/vec4; draw_string_vec4
    %pushi/vec4 1684366368, 0, 32; draw_string_vec4
    %concat/vec4; draw_string_vec4
    %pushi/vec4 1919246692, 0, 32; draw_string_vec4
    %concat/vec4; draw_string_vec4
    %store/vec4 v0xa68871400_0, 0, 512;
    %fork TD_tb_dual_port_mem_controller.expect_bus_z, S_0x102c28b90;
    %join;
    %pushi/vec4 2, 0, 4;
    %store/vec4 v0xa68871ae0_0, 0, 4;
    %pushi/vec4 324478056, 0, 32;
    %store/vec4 v0xa68871b80_0, 0, 32;
    %fork TD_tb_dual_port_mem_controller.port_a_write, S_0x102c3e730;
    %join;
    %pushi/vec4 5, 0, 4;
    %store/vec4 v0xa68871e00_0, 0, 4;
    %pushi/vec4 2863289685, 0, 32;
    %store/vec4 v0xa68871ea0_0, 0, 32;
    %fork TD_tb_dual_port_mem_controller.port_b_write, S_0x102c3ea30;
    %join;
    %fork TD_tb_dual_port_mem_controller.start_bist_sequence, S_0xa688bc180;
    %join;
    %fork TD_tb_dual_port_mem_controller.wait_for_bist_done, S_0xa688bc300;
    %join;
    %load/vec4 v0xa688730c0_0;
    %store/vec4 v0xa688714a0_0, 0, 1;
    %pushi/vec4 0, 0, 32; draw_string_vec4
    %pushi/vec4 0, 0, 32; draw_string_vec4
    %concat/vec4; draw_string_vec4
    %pushi/vec4 0, 0, 32; draw_string_vec4
    %concat/vec4; draw_string_vec4
    %pushi/vec4 0, 0, 32; draw_string_vec4
    %concat/vec4; draw_string_vec4
    %pushi/vec4 0, 0, 32; draw_string_vec4
    %concat/vec4; draw_string_vec4
    %pushi/vec4 0, 0, 32; draw_string_vec4
    %concat/vec4; draw_string_vec4
    %pushi/vec4 66, 0, 32; draw_string_vec4
    %concat/vec4; draw_string_vec4
    %pushi/vec4 1230197792, 0, 32; draw_string_vec4
    %concat/vec4; draw_string_vec4
    %pushi/vec4 1885434739, 0, 32; draw_string_vec4
    %concat/vec4; draw_string_vec4
    %pushi/vec4 1702043759, 0, 32; draw_string_vec4
    %concat/vec4; draw_string_vec4
    %pushi/vec4 1847615776, 0, 32; draw_string_vec4
    %concat/vec4; draw_string_vec4
    %pushi/vec4 1751474540, 0, 32; draw_string_vec4
    %concat/vec4; draw_string_vec4
    %pushi/vec4 1953003808, 0, 32; draw_string_vec4
    %concat/vec4; draw_string_vec4
    %pushi/vec4 1835363695, 0, 32; draw_string_vec4
    %concat/vec4; draw_string_vec4
    %pushi/vec4 1920540777, 0, 32; draw_string_vec4
    %concat/vec4; draw_string_vec4
    %pushi/vec4 1835100005, 0, 32; draw_string_vec4
    %concat/vec4; draw_string_vec4
    %store/vec4 v0xa68871540_0, 0, 512;
    %fork TD_tb_dual_port_mem_controller.expect_false, S_0x102c3e130;
    %join;
    %pushi/vec4 2, 0, 4;
    %store/vec4 v0xa68871900_0, 0, 4;
    %pushi/vec4 0, 0, 32;
    %store/vec4 v0xa688719a0_0, 0, 32;
    %pushi/vec4 0, 0, 32; draw_string_vec4
    %pushi/vec4 0, 0, 32; draw_string_vec4
    %concat/vec4; draw_string_vec4
    %pushi/vec4 0, 0, 32; draw_string_vec4
    %concat/vec4; draw_string_vec4
    %pushi/vec4 0, 0, 32; draw_string_vec4
    %concat/vec4; draw_string_vec4
    %pushi/vec4 0, 0, 32; draw_string_vec4
    %concat/vec4; draw_string_vec4
    %pushi/vec4 0, 0, 32; draw_string_vec4
    %concat/vec4; draw_string_vec4
    %pushi/vec4 0, 0, 32; draw_string_vec4
    %concat/vec4; draw_string_vec4
    %pushi/vec4 4344147, 0, 32; draw_string_vec4
    %concat/vec4; draw_string_vec4
    %pushi/vec4 1411412581, 0, 32; draw_string_vec4
    %concat/vec4; draw_string_vec4
    %pushi/vec4 1937010546, 0, 32; draw_string_vec4
    %concat/vec4; draw_string_vec4
    %pushi/vec4 1702043757, 0, 32; draw_string_vec4
    %concat/vec4; draw_string_vec4
    %pushi/vec4 1701670770, 0, 32; draw_string_vec4
    %concat/vec4; draw_string_vec4
    %pushi/vec4 2032170863, 0, 32; draw_string_vec4
    %concat/vec4; draw_string_vec4
    %pushi/vec4 1919164466, 0, 32; draw_string_vec4
    %concat/vec4; draw_string_vec4
    %pushi/vec4 544501536, 0, 32; draw_string_vec4
    %concat/vec4; draw_string_vec4
    %pushi/vec4 2053468783, 0, 32; draw_string_vec4
    %concat/vec4; draw_string_vec4
    %store/vec4 v0xa68871a40_0, 0, 512;
    %fork TD_tb_dual_port_mem_controller.port_a_read_and_check, S_0x102c3e5b0;
    %join;
    %pushi/vec4 5, 0, 4;
    %store/vec4 v0xa68871c20_0, 0, 4;
    %pushi/vec4 0, 0, 32;
    %store/vec4 v0xa68871cc0_0, 0, 32;
    %pushi/vec4 0, 0, 32; draw_string_vec4
    %pushi/vec4 0, 0, 32; draw_string_vec4
    %concat/vec4; draw_string_vec4
    %pushi/vec4 0, 0, 32; draw_string_vec4
    %concat/vec4; draw_string_vec4
    %pushi/vec4 0, 0, 32; draw_string_vec4
    %concat/vec4; draw_string_vec4
    %pushi/vec4 0, 0, 32; draw_string_vec4
    %concat/vec4; draw_string_vec4
    %pushi/vec4 0, 0, 32; draw_string_vec4
    %concat/vec4; draw_string_vec4
    %pushi/vec4 0, 0, 32; draw_string_vec4
    %concat/vec4; draw_string_vec4
    %pushi/vec4 4344147, 0, 32; draw_string_vec4
    %concat/vec4; draw_string_vec4
    %pushi/vec4 1411412581, 0, 32; draw_string_vec4
    %concat/vec4; draw_string_vec4
    %pushi/vec4 1937010546, 0, 32; draw_string_vec4
    %concat/vec4; draw_string_vec4
    %pushi/vec4 1702043757, 0, 32; draw_string_vec4
    %concat/vec4; draw_string_vec4
    %pushi/vec4 1701670770, 0, 32; draw_string_vec4
    %concat/vec4; draw_string_vec4
    %pushi/vec4 2032170863, 0, 32; draw_string_vec4
    %concat/vec4; draw_string_vec4
    %pushi/vec4 1919164469, 0, 32; draw_string_vec4
    %concat/vec4; draw_string_vec4
    %pushi/vec4 544501536, 0, 32; draw_string_vec4
    %concat/vec4; draw_string_vec4
    %pushi/vec4 2053468783, 0, 32; draw_string_vec4
    %concat/vec4; draw_string_vec4
    %store/vec4 v0xa68871d60_0, 0, 512;
    %fork TD_tb_dual_port_mem_controller.port_b_read_and_check, S_0x102c3e8b0;
    %join;
    %fork TD_tb_dual_port_mem_controller.start_bist_sequence, S_0xa688bc180;
    %join;
T_15.2 ;
    %load/vec4 v0xa68872080_0;
    %cmpi/e 1, 0, 1;
    %flag_get/vec4 6;
    %jmp/0 T_15.5, 6;
    %load/vec4 v0xa688721c0_0;
    %pushi/vec4 2, 0, 3;
    %cmp/e;
    %flag_get/vec4 4;
    %and;
T_15.5;
    %flag_set/vec4 9;
    %flag_get/vec4 9;
    %jmp/0 T_15.4, 9;
    %load/vec4 v0xa68872120_0;
    %pushi/vec4 4, 0, 4;
    %cmp/e;
    %flag_get/vec4 4;
    %and;
T_15.4;
    %nor/r;
    %flag_set/vec4 8;
    %jmp/0xz T_15.3, 8;
    %wait E_0xa69006280;
    %jmp T_15.2;
T_15.3 ;
    %pushi/vec4 4294967295, 0, 32;
    %ix/load 4, 4, 0;
    %flag_set/imm 4, 0;
    %store/vec4a v0xa688705a0, 4, 0;
    %fork TD_tb_dual_port_mem_controller.wait_for_bist_done, S_0xa688bc300;
    %join;
    %load/vec4 v0xa688730c0_0;
    %store/vec4 v0xa688715e0_0, 0, 1;
    %pushi/vec4 0, 0, 32; draw_string_vec4
    %pushi/vec4 0, 0, 32; draw_string_vec4
    %concat/vec4; draw_string_vec4
    %pushi/vec4 0, 0, 32; draw_string_vec4
    %concat/vec4; draw_string_vec4
    %pushi/vec4 0, 0, 32; draw_string_vec4
    %concat/vec4; draw_string_vec4
    %pushi/vec4 0, 0, 32; draw_string_vec4
    %concat/vec4; draw_string_vec4
    %pushi/vec4 0, 0, 32; draw_string_vec4
    %concat/vec4; draw_string_vec4
    %pushi/vec4 66, 0, 32; draw_string_vec4
    %concat/vec4; draw_string_vec4
    %pushi/vec4 1230197792, 0, 32; draw_string_vec4
    %concat/vec4; draw_string_vec4
    %pushi/vec4 1718378855, 0, 32; draw_string_vec4
    %concat/vec4; draw_string_vec4
    %pushi/vec4 1931503982, 0, 32; draw_string_vec4
    %concat/vec4; draw_string_vec4
    %pushi/vec4 1785029492, 0, 32; draw_string_vec4
    %concat/vec4; draw_string_vec4
    %pushi/vec4 1701060717, 0, 32; draw_string_vec4
    %concat/vec4; draw_string_vec4
    %pushi/vec4 1701670770, 0, 32; draw_string_vec4
    %concat/vec4; draw_string_vec4
    %pushi/vec4 2032165743, 0, 32; draw_string_vec4
    %concat/vec4; draw_string_vec4
    %pushi/vec4 1920103792, 0, 32; draw_string_vec4
    %concat/vec4; draw_string_vec4
    %pushi/vec4 1953066862, 0, 32; draw_string_vec4
    %concat/vec4; draw_string_vec4
    %store/vec4 v0xa68871680_0, 0, 512;
    %fork TD_tb_dual_port_mem_controller.expect_true, S_0x102c3e2b0;
    %join;
    %load/vec4 v0xa68872440_0;
    %cmpi/e 0, 0, 32;
    %jmp/0xz  T_15.6, 4;
    %vpi_call/w 3 419 "$display", "All dual-port memory controller tests passed." {0 0 0};
    %jmp T_15.7;
T_15.6 ;
    %vpi_call/w 3 421 "$display", "Dual-port memory controller tests failed: %0d case(s).", v0xa68872440_0 {0 0 0};
T_15.7 ;
    %vpi_call/w 3 424 "$finish" {0 0 0};
    %end;
    .thread T_15;
# The file index is used to find the file name in the following table.
:file_names 5;
    "N/A";
    "<interactive>";
    "-";
    "dual_port_mem_bist/tb/tb_dual_port_mem_controller.v";
    "dual_port_mem_bist/rtl/dual_port_mem_controller.v";
